{"meta": {"format": 3, "version": "7.13.5", "timestamp": "2026-04-14T15:36:41.524340", "branch_coverage": false, "show_contexts": false}, "files": {"src/manuscripta/__init__.py": {"executed_lines": [3, 10, 12], "summary": {"covered_lines": 3, "num_statements": 3, "percent_covered": 100.0, "percent_covered_display": "100", "missing_lines": 0, "excluded_lines": 0, "percent_statements_covered": 100.0, "percent_statements_covered_display": "100"}, "missing_lines": [], "excluded_lines": [], "functions": {"": {"executed_lines": [3, 10, 12], "summary": {"covered_lines": 3, "num_statements": 3, "percent_covered": 100.0, "percent_covered_display": "100", "missing_lines": 0, "excluded_lines": 0, "percent_statements_covered": 100.0, "percent_statements_covered_display": "100"}, "missing_lines": [], "excluded_lines": [], "start_line": 1}}, "classes": {"": {"executed_lines": [3, 10, 12], "summary": {"covered_lines": 3, "num_statements": 3, "percent_covered": 100.0, "percent_covered_display": "100", "missing_lines": 0, "excluded_lines": 0, "percent_statements_covered": 100.0, "percent_statements_covered_display": "100"}, "missing_lines": [], "excluded_lines": [], "start_line": 1}}}, "src/manuscripta/audiobook/__init__.py": {"executed_lines": [], "summary": {"covered_lines": 0, "num_statements": 0, "percent_covered": 100.0, "percent_covered_display": "100", "missing_lines": 0, "excluded_lines": 0, "percent_statements_covered": 100.0, "percent_statements_covered_display": "100"}, "missing_lines": [], "excluded_lines": [], "functions": {"": {"executed_lines": [], "summary": {"covered_lines": 0, "num_statements": 0, "percent_covered": 100.0, "percent_covered_display": "100", "missing_lines": 0, "excluded_lines": 0, "percent_statements_covered": 100.0, "percent_statements_covered_display": "100"}, "missing_lines": [], "excluded_lines": [], "start_line": 1}}, "classes": {"": {"executed_lines": [], "summary": {"covered_lines": 0, "num_statements": 0, "percent_covered": 100.0, "percent_covered_display": "100", "missing_lines": 0, "excluded_lines": 0, "percent_statements_covered": 100.0, "percent_statements_covered_display": "100"}, "missing_lines": [], "excluded_lines": [], "start_line": 1}}}, "src/manuscripta/audiobook/generator.py": {"executed_lines": [22, 23, 24, 25, 26, 27, 28, 29, 30, 31, 33, 34, 46, 59, 60, 69, 71, 74, 76, 79, 81, 84, 90, 93, 95, 98, 100, 103, 105, 108, 110, 111, 114, 115, 118, 123, 124, 125, 126, 129, 131, 134, 142, 145, 147, 148, 149, 152, 154, 157, 159, 162, 164, 167, 169, 172, 183, 185, 187, 188, 191, 195, 197, 199, 200, 206, 210, 211, 212, 213, 215, 216, 217, 219, 220, 221, 223, 224, 226, 227, 229, 230, 231, 233, 239, 306, 314, 335, 343, 347, 348, 352, 353, 354, 356, 357, 358, 360, 361, 363, 369, 380, 381, 383, 384, 385, 387, 390, 397, 398, 400, 404, 405, 406, 407, 409, 410, 411, 421, 434, 436, 437, 438, 440, 445, 446, 449, 450, 451, 452, 453, 455, 458, 470, 471, 472, 474, 478, 479, 480, 481, 482, 484, 485, 486, 487, 488, 489, 492, 493, 494, 495, 497, 498, 499, 500, 501, 504, 517, 572, 583, 601, 613, 708, 716, 915], "summary": {"covered_lines": 166, "num_statements": 407, "percent_covered": 40.78624078624079, "percent_covered_display": "41", "missing_lines": 241, "excluded_lines": 0, "percent_statements_covered": 40.78624078624079, "percent_statements_covered_display": "41"}, "missing_lines": [255, 256, 258, 259, 261, 262, 264, 265, 266, 267, 269, 270, 271, 274, 275, 278, 279, 280, 282, 285, 286, 287, 288, 291, 292, 293, 299, 301, 319, 320, 322, 323, 324, 325, 326, 327, 328, 329, 344, 346, 391, 392, 395, 412, 413, 415, 416, 417, 418, 439, 441, 475, 476, 506, 507, 508, 509, 510, 511, 512, 513, 514, 529, 530, 532, 533, 534, 536, 537, 538, 539, 540, 541, 542, 544, 545, 546, 547, 548, 557, 558, 559, 560, 562, 563, 564, 565, 566, 576, 577, 578, 579, 580, 589, 590, 592, 596, 597, 598, 605, 606, 609, 610, 634, 635, 636, 637, 640, 641, 647, 648, 651, 652, 653, 656, 657, 658, 659, 662, 663, 664, 665, 666, 668, 669, 672, 691, 693, 694, 695, 696, 698, 699, 700, 701, 702, 705, 710, 711, 712, 713, 717, 720, 725, 726, 733, 734, 735, 736, 739, 745, 750, 756, 761, 766, 772, 779, 783, 784, 785, 787, 788, 789, 790, 791, 792, 793, 796, 799, 800, 801, 803, 804, 807, 812, 813, 814, 815, 816, 817, 818, 819, 822, 825, 826, 827, 828, 829, 830, 831, 832, 834, 837, 838, 839, 840, 841, 842, 843, 844, 845, 846, 847, 852, 853, 854, 855, 858, 859, 860, 861, 862, 863, 866, 867, 868, 869, 870, 873, 874, 875, 876, 877, 878, 879, 881, 883, 884, 885, 886, 887, 888, 889, 891, 892, 895, 896, 900, 905, 906, 916], "excluded_lines": [], "functions": {"normalize_newlines": {"executed_lines": [71], "summary": {"covered_lines": 1, "num_statements": 1, "percent_covered": 100.0, "percent_covered_display": "100", "missing_lines": 0, "excluded_lines": 0, "percent_statements_covered": 100.0, "percent_statements_covered_display": "100"}, "missing_lines": [], "excluded_lines": [], "start_line": 69}, "remove_yaml_front_matter": {"executed_lines": [76], "summary": {"covered_lines": 1, "num_statements": 1, "percent_covered": 100.0, "percent_covered_display": "100", "missing_lines": 0, "excluded_lines": 0, "percent_statements_covered": 100.0, "percent_statements_covered_display": "100"}, "missing_lines": [], "excluded_lines": [], "start_line": 74}, "remove_figure_blocks": {"executed_lines": [81, 84, 90], "summary": {"covered_lines": 3, "num_statements": 3, "percent_covered": 100.0, "percent_covered_display": "100", "missing_lines": 0, "excluded_lines": 0, "percent_statements_covered": 100.0, "percent_statements_covered_display": "100"}, "missing_lines": [], "excluded_lines": [], "start_line": 79}, "remove_html_comments": {"executed_lines": [95], "summary": {"covered_lines": 1, "num_statements": 1, "percent_covered": 100.0, "percent_covered_display": "100", "missing_lines": 0, "excluded_lines": 0, "percent_statements_covered": 100.0, "percent_statements_covered_display": "100"}, "missing_lines": [], "excluded_lines": [], "start_line": 93}, "remove_markdown_images": {"executed_lines": [100], "summary": {"covered_lines": 1, "num_statements": 1, "percent_covered": 100.0, "percent_covered_display": "100", "missing_lines": 0, "excluded_lines": 0, "percent_statements_covered": 100.0, "percent_statements_covered_display": "100"}, "missing_lines": [], "excluded_lines": [], "start_line": 98}, "convert_inline_links_keep_text": {"executed_lines": [105], "summary": {"covered_lines": 1, "num_statements": 1, "percent_covered": 100.0, "percent_covered_display": "100", "missing_lines": 0, "excluded_lines": 0, "percent_statements_covered": 100.0, "percent_statements_covered_display": "100"}, "missing_lines": [], "excluded_lines": [], "start_line": 103}, "remove_reference_links_and_definitions": {"executed_lines": [110, 111, 114, 115], "summary": {"covered_lines": 4, "num_statements": 4, "percent_covered": 100.0, "percent_covered_display": "100", "missing_lines": 0, "excluded_lines": 0, "percent_statements_covered": 100.0, "percent_statements_covered_display": "100"}, "missing_lines": [], "excluded_lines": [], "start_line": 108}, "strip_emphasis_markers": {"executed_lines": [123, 124, 125, 126], "summary": {"covered_lines": 4, "num_statements": 4, "percent_covered": 100.0, "percent_covered_display": "100", "missing_lines": 0, "excluded_lines": 0, "percent_statements_covered": 100.0, "percent_statements_covered_display": "100"}, "missing_lines": [], "excluded_lines": [], "start_line": 118}, "strip_heading_markers": {"executed_lines": [131], "summary": {"covered_lines": 1, "num_statements": 1, "percent_covered": 100.0, "percent_covered_display": "100", "missing_lines": 0, "excluded_lines": 0, "percent_statements_covered": 100.0, "percent_statements_covered_display": "100"}, "missing_lines": [], "excluded_lines": [], "start_line": 129}, "remove_pandoc_attributes": {"executed_lines": [142], "summary": {"covered_lines": 1, "num_statements": 1, "percent_covered": 100.0, "percent_covered_display": "100", "missing_lines": 0, "excluded_lines": 0, "percent_statements_covered": 100.0, "percent_statements_covered_display": "100"}, "missing_lines": [], "excluded_lines": [], "start_line": 134}, "strip_fenced_code_blocks": {"executed_lines": [147, 148, 149], "summary": {"covered_lines": 3, "num_statements": 3, "percent_covered": 100.0, "percent_covered_display": "100", "missing_lines": 0, "excluded_lines": 0, "percent_statements_covered": 100.0, "percent_statements_covered_display": "100"}, "missing_lines": [], "excluded_lines": [], "start_line": 145}, "strip_inline_code_backticks": {"executed_lines": [154], "summary": {"covered_lines": 1, "num_statements": 1, "percent_covered": 100.0, "percent_covered_display": "100", "missing_lines": 0, "excluded_lines": 0, "percent_statements_covered": 100.0, "percent_statements_covered_display": "100"}, "missing_lines": [], "excluded_lines": [], "start_line": 152}, "strip_remaining_html_tags": {"executed_lines": [159], "summary": {"covered_lines": 1, "num_statements": 1, "percent_covered": 100.0, "percent_covered_display": "100", "missing_lines": 0, "excluded_lines": 0, "percent_statements_covered": 100.0, "percent_statements_covered_display": "100"}, "missing_lines": [], "excluded_lines": [], "start_line": 157}, "remove_markdown_tables": {"executed_lines": [164], "summary": {"covered_lines": 1, "num_statements": 1, "percent_covered": 100.0, "percent_covered_display": "100", "missing_lines": 0, "excluded_lines": 0, "percent_statements_covered": 100.0, "percent_statements_covered_display": "100"}, "missing_lines": [], "excluded_lines": [], "start_line": 162}, "collapse_blank_lines": {"executed_lines": [169], "summary": {"covered_lines": 1, "num_statements": 1, "percent_covered": 100.0, "percent_covered_display": "100", "missing_lines": 0, "excluded_lines": 0, "percent_statements_covered": 100.0, "percent_statements_covered_display": "100"}, "missing_lines": [], "excluded_lines": [], "start_line": 167}, "normalize_single_newlines": {"executed_lines": [183, 185, 187, 188], "summary": {"covered_lines": 4, "num_statements": 4, "percent_covered": 100.0, "percent_covered_display": "100", "missing_lines": 0, "excluded_lines": 0, "percent_statements_covered": 100.0, "percent_statements_covered_display": "100"}, "missing_lines": [], "excluded_lines": [], "start_line": 172}, "unescape_html_entities": {"executed_lines": [195, 197, 199, 200], "summary": {"covered_lines": 4, "num_statements": 4, "percent_covered": 100.0, "percent_covered_display": "100", "missing_lines": 0, "excluded_lines": 0, "percent_statements_covered": 100.0, "percent_statements_covered_display": "100"}, "missing_lines": [], "excluded_lines": [], "start_line": 191}, "clean_markdown_for_tts": {"executed_lines": [210, 211, 212, 213, 215, 216, 217, 219, 220, 221, 223, 224, 226, 227, 229, 230, 231, 233], "summary": {"covered_lines": 18, "num_statements": 18, "percent_covered": 100.0, "percent_covered_display": "100", "missing_lines": 0, "excluded_lines": 0, "percent_statements_covered": 100.0, "percent_statements_covered_display": "100"}, "missing_lines": [], "excluded_lines": [], "start_line": 206}, "extract_chapters_from_epub": {"executed_lines": [], "summary": {"covered_lines": 0, "num_statements": 28, "percent_covered": 0.0, "percent_covered_display": "0", "missing_lines": 28, "excluded_lines": 0, "percent_statements_covered": 0.0, "percent_statements_covered_display": "0"}, "missing_lines": [255, 256, 258, 259, 261, 262, 264, 265, 266, 267, 269, 270, 271, 274, 275, 278, 279, 280, 282, 285, 286, 287, 288, 291, 292, 293, 299, 301], "excluded_lines": [], "start_line": 239}, "check_engine_dependencies": {"executed_lines": [], "summary": {"covered_lines": 0, "num_statements": 10, "percent_covered": 0.0, "percent_covered_display": "0", "missing_lines": 10, "excluded_lines": 0, "percent_statements_covered": 0.0, "percent_statements_covered_display": "0"}, "missing_lines": [319, 320, 322, 323, 324, 325, 326, 327, 328, 329], "excluded_lines": [], "start_line": 314}, "get_tts_adapter": {"executed_lines": [343, 347, 348, 352, 353, 354, 356, 357, 358, 360, 361, 363], "summary": {"covered_lines": 12, "num_statements": 14, "percent_covered": 85.71428571428571, "percent_covered_display": "86", "missing_lines": 2, "excluded_lines": 0, "percent_statements_covered": 85.71428571428571, "percent_statements_covered_display": "86"}, "missing_lines": [344, 346], "excluded_lines": [], "start_line": 335}, "_clean_and_speak": {"executed_lines": [380, 381, 383, 384, 385, 387, 390, 397, 398, 400, 404, 405, 406, 407, 409, 410, 411], "summary": {"covered_lines": 17, "num_statements": 26, "percent_covered": 65.38461538461539, "percent_covered_display": "65", "missing_lines": 9, "excluded_lines": 0, "percent_statements_covered": 65.38461538461539, "percent_statements_covered_display": "65"}, "missing_lines": [391, 392, 395, 412, 413, 415, 416, 417, 418], "excluded_lines": [], "start_line": 369}, "collect_files_in_order": {"executed_lines": [434, 436, 437, 438, 440, 445, 446, 449, 450, 451, 452, 453, 455], "summary": {"covered_lines": 13, "num_statements": 15, "percent_covered": 86.66666666666667, "percent_covered_display": "87", "missing_lines": 2, "excluded_lines": 0, "percent_statements_covered": 86.66666666666667, "percent_statements_covered_display": "87"}, "missing_lines": [439, 441], "excluded_lines": [], "start_line": 421}, "generate_audio_from_markdown": {"executed_lines": [470, 471, 472, 474, 478, 479, 480, 481, 482, 484, 485, 486, 487, 488, 489, 492, 493, 494, 495, 497, 498, 499, 500, 501], "summary": {"covered_lines": 24, "num_statements": 26, "percent_covered": 92.3076923076923, "percent_covered_display": "92", "missing_lines": 2, "excluded_lines": 0, "percent_statements_covered": 92.3076923076923, "percent_statements_covered_display": "92"}, "missing_lines": [475, 476], "excluded_lines": [], "start_line": 458}, "list_chapters_from_epub": {"executed_lines": [], "summary": {"covered_lines": 0, "num_statements": 9, "percent_covered": 0.0, "percent_covered_display": "0", "missing_lines": 9, "excluded_lines": 0, "percent_statements_covered": 0.0, "percent_statements_covered_display": "0"}, "missing_lines": [506, 507, 508, 509, 510, 511, 512, 513, 514], "excluded_lines": [], "start_line": 504}, "generate_audio_from_epub": {"executed_lines": [], "summary": {"covered_lines": 0, "num_statements": 26, "percent_covered": 0.0, "percent_covered_display": "0", "missing_lines": 26, "excluded_lines": 0, "percent_statements_covered": 0.0, "percent_statements_covered_display": "0"}, "missing_lines": [529, 530, 532, 533, 534, 536, 537, 538, 539, 540, 541, 542, 544, 545, 546, 547, 548, 557, 558, 559, 560, 562, 563, 564, 565, 566], "excluded_lines": [], "start_line": 517}, "_derive_voice_short_name": {"executed_lines": [], "summary": {"covered_lines": 0, "num_statements": 5, "percent_covered": 0.0, "percent_covered_display": "0", "missing_lines": 5, "excluded_lines": 0, "percent_statements_covered": 0.0, "percent_statements_covered_display": "0"}, "missing_lines": [576, 577, 578, 579, 580], "excluded_lines": [], "start_line": 572}, "_derive_book_title": {"executed_lines": [], "summary": {"covered_lines": 0, "num_statements": 6, "percent_covered": 0.0, "percent_covered_display": "0", "missing_lines": 6, "excluded_lines": 0, "percent_statements_covered": 0.0, "percent_statements_covered_display": "0"}, "missing_lines": [589, 590, 592, 596, 597, 598], "excluded_lines": [], "start_line": 583}, "_preview_merged_name": {"executed_lines": [], "summary": {"covered_lines": 0, "num_statements": 4, "percent_covered": 0.0, "percent_covered_display": "0", "missing_lines": 4, "excluded_lines": 0, "percent_statements_covered": 0.0, "percent_statements_covered_display": "0"}, "missing_lines": [605, 606, 609, 610], "excluded_lines": [], "start_line": 601}, "merge_audiobook": {"executed_lines": [], "summary": {"covered_lines": 0, "num_statements": 34, "percent_covered": 0.0, "percent_covered_display": "0", "missing_lines": 34, "excluded_lines": 0, "percent_statements_covered": 0.0, "percent_statements_covered_display": "0"}, "missing_lines": [634, 635, 636, 637, 640, 641, 647, 648, 651, 652, 653, 656, 657, 658, 659, 662, 663, 664, 665, 666, 668, 669, 672, 691, 693, 694, 695, 696, 698, 699, 700, 701, 702, 705], "excluded_lines": [], "start_line": 613}, "_path_or_none": {"executed_lines": [], "summary": {"covered_lines": 0, "num_statements": 4, "percent_covered": 0.0, "percent_covered_display": "0", "missing_lines": 4, "excluded_lines": 0, "percent_statements_covered": 0.0, "percent_statements_covered_display": "0"}, "missing_lines": [710, 711, 712, 713], "excluded_lines": [], "start_line": 708}, "main": {"executed_lines": [], "summary": {"covered_lines": 0, "num_statements": 99, "percent_covered": 0.0, "percent_covered_display": "0", "missing_lines": 99, "excluded_lines": 0, "percent_statements_covered": 0.0, "percent_statements_covered_display": "0"}, "missing_lines": [717, 720, 725, 726, 733, 734, 735, 736, 739, 745, 750, 756, 761, 766, 772, 779, 783, 784, 785, 787, 788, 789, 790, 791, 792, 793, 796, 799, 800, 801, 803, 804, 807, 812, 813, 814, 815, 816, 817, 818, 819, 822, 825, 826, 827, 828, 829, 830, 831, 832, 834, 837, 838, 839, 840, 841, 842, 843, 844, 845, 846, 847, 852, 853, 854, 855, 858, 859, 860, 861, 862, 863, 866, 867, 868, 869, 870, 873, 874, 875, 876, 877, 878, 879, 881, 883, 884, 885, 886, 887, 888, 889, 891, 892, 895, 896, 900, 905, 906], "excluded_lines": [], "start_line": 716}, "": {"executed_lines": [22, 23, 24, 25, 26, 27, 28, 29, 30, 31, 33, 34, 46, 59, 60, 69, 74, 79, 93, 98, 103, 108, 118, 129, 134, 145, 152, 157, 162, 167, 172, 191, 206, 239, 306, 314, 335, 369, 421, 458, 504, 517, 572, 583, 601, 613, 708, 716, 915], "summary": {"covered_lines": 49, "num_statements": 50, "percent_covered": 98.0, "percent_covered_display": "98", "missing_lines": 1, "excluded_lines": 0, "percent_statements_covered": 98.0, "percent_statements_covered_display": "98"}, "missing_lines": [916], "excluded_lines": [], "start_line": 1}}, "classes": {"": {"executed_lines": [22, 23, 24, 25, 26, 27, 28, 29, 30, 31, 33, 34, 46, 59, 60, 69, 71, 74, 76, 79, 81, 84, 90, 93, 95, 98, 100, 103, 105, 108, 110, 111, 114, 115, 118, 123, 124, 125, 126, 129, 131, 134, 142, 145, 147, 148, 149, 152, 154, 157, 159, 162, 164, 167, 169, 172, 183, 185, 187, 188, 191, 195, 197, 199, 200, 206, 210, 211, 212, 213, 215, 216, 217, 219, 220, 221, 223, 224, 226, 227, 229, 230, 231, 233, 239, 306, 314, 335, 343, 347, 348, 352, 353, 354, 356, 357, 358, 360, 361, 363, 369, 380, 381, 383, 384, 385, 387, 390, 397, 398, 400, 404, 405, 406, 407, 409, 410, 411, 421, 434, 436, 437, 438, 440, 445, 446, 449, 450, 451, 452, 453, 455, 458, 470, 471, 472, 474, 478, 479, 480, 481, 482, 484, 485, 486, 487, 488, 489, 492, 493, 494, 495, 497, 498, 499, 500, 501, 504, 517, 572, 583, 601, 613, 708, 716, 915], "summary": {"covered_lines": 166, "num_statements": 407, "percent_covered": 40.78624078624079, "percent_covered_display": "41", "missing_lines": 241, "excluded_lines": 0, "percent_statements_covered": 40.78624078624079, "percent_statements_covered_display": "41"}, "missing_lines": [255, 256, 258, 259, 261, 262, 264, 265, 266, 267, 269, 270, 271, 274, 275, 278, 279, 280, 282, 285, 286, 287, 288, 291, 292, 293, 299, 301, 319, 320, 322, 323, 324, 325, 326, 327, 328, 329, 344, 346, 391, 392, 395, 412, 413, 415, 416, 417, 418, 439, 441, 475, 476, 506, 507, 508, 509, 510, 511, 512, 513, 514, 529, 530, 532, 533, 534, 536, 537, 538, 539, 540, 541, 542, 544, 545, 546, 547, 548, 557, 558, 559, 560, 562, 563, 564, 565, 566, 576, 577, 578, 579, 580, 589, 590, 592, 596, 597, 598, 605, 606, 609, 610, 634, 635, 636, 637, 640, 641, 647, 648, 651, 652, 653, 656, 657, 658, 659, 662, 663, 664, 665, 666, 668, 669, 672, 691, 693, 694, 695, 696, 698, 699, 700, 701, 702, 705, 710, 711, 712, 713, 717, 720, 725, 726, 733, 734, 735, 736, 739, 745, 750, 756, 761, 766, 772, 779, 783, 784, 785, 787, 788, 789, 790, 791, 792, 793, 796, 799, 800, 801, 803, 804, 807, 812, 813, 814, 815, 816, 817, 818, 819, 822, 825, 826, 827, 828, 829, 830, 831, 832, 834, 837, 838, 839, 840, 841, 842, 843, 844, 845, 846, 847, 852, 853, 854, 855, 858, 859, 860, 861, 862, 863, 866, 867, 868, 869, 870, 873, 874, 875, 876, 877, 878, 879, 881, 883, 884, 885, 886, 887, 888, 889, 891, 892, 895, 896, 900, 905, 906, 916], "excluded_lines": [], "start_line": 1}}}, "src/manuscripta/audiobook/tts/__init__.py": {"executed_lines": [19, 20, 33, 36, 37, 39, 42, 43, 45, 48, 49, 51, 54, 60, 61, 63, 66, 75, 85, 86, 91, 94], "summary": {"covered_lines": 22, "num_statements": 24, "percent_covered": 91.66666666666667, "percent_covered_display": "92", "missing_lines": 2, "excluded_lines": 0, "percent_statements_covered": 91.66666666666667, "percent_statements_covered_display": "92"}, "missing_lines": [55, 57], "excluded_lines": [], "functions": {"_lazy_elevenlabs": {"executed_lines": [37, 39], "summary": {"covered_lines": 2, "num_statements": 2, "percent_covered": 100.0, "percent_covered_display": "100", "missing_lines": 0, "excluded_lines": 0, "percent_statements_covered": 100.0, "percent_statements_covered_display": "100"}, "missing_lines": [], "excluded_lines": [], "start_line": 36}, "_lazy_google_cloud": {"executed_lines": [43, 45], "summary": {"covered_lines": 2, "num_statements": 2, "percent_covered": 100.0, "percent_covered_display": "100", "missing_lines": 0, "excluded_lines": 0, "percent_statements_covered": 100.0, "percent_statements_covered_display": "100"}, "missing_lines": [], "excluded_lines": [], "start_line": 42}, "_lazy_google_translate": {"executed_lines": [49, 51], "summary": {"covered_lines": 2, "num_statements": 2, "percent_covered": 100.0, "percent_covered_display": "100", "missing_lines": 0, "excluded_lines": 0, "percent_statements_covered": 100.0, "percent_statements_covered_display": "100"}, "missing_lines": [], "excluded_lines": [], "start_line": 48}, "_lazy_google_translate_alias": {"executed_lines": [], "summary": {"covered_lines": 0, "num_statements": 2, "percent_covered": 0.0, "percent_covered_display": "0", "missing_lines": 2, "excluded_lines": 0, "percent_statements_covered": 0.0, "percent_statements_covered_display": "0"}, "missing_lines": [55, 57], "excluded_lines": [], "start_line": 54}, "_lazy_pyttsx3": {"executed_lines": [61, 63], "summary": {"covered_lines": 2, "num_statements": 2, "percent_covered": 100.0, "percent_covered_display": "100", "missing_lines": 0, "excluded_lines": 0, "percent_statements_covered": 100.0, "percent_statements_covered_display": "100"}, "missing_lines": [], "excluded_lines": [], "start_line": 60}, "create_adapter": {"executed_lines": [75, 85, 86, 91], "summary": {"covered_lines": 4, "num_statements": 4, "percent_covered": 100.0, "percent_covered_display": "100", "missing_lines": 0, "excluded_lines": 0, "percent_statements_covered": 100.0, "percent_statements_covered_display": "100"}, "missing_lines": [], "excluded_lines": [], "start_line": 66}, "": {"executed_lines": [19, 20, 33, 36, 42, 48, 54, 60, 66, 94], "summary": {"covered_lines": 10, "num_statements": 10, "percent_covered": 100.0, "percent_covered_display": "100", "missing_lines": 0, "excluded_lines": 0, "percent_statements_covered": 100.0, "percent_statements_covered_display": "100"}, "missing_lines": [], "excluded_lines": [], "start_line": 1}}, "classes": {"": {"executed_lines": [19, 20, 33, 36, 37, 39, 42, 43, 45, 48, 49, 51, 54, 60, 61, 63, 66, 75, 85, 86, 91, 94], "summary": {"covered_lines": 22, "num_statements": 24, "percent_covered": 91.66666666666667, "percent_covered_display": "92", "missing_lines": 2, "excluded_lines": 0, "percent_statements_covered": 91.66666666666667, "percent_statements_covered_display": "92"}, "missing_lines": [55, 57], "excluded_lines": [], "start_line": 1}}}, "src/manuscripta/audiobook/tts/base.py": {"executed_lines": [8, 9, 10, 11, 12, 15, 16, 19, 20, 21, 22, 23, 24, 27, 28, 31, 32, 33, 36, 39, 40, 41, 42, 44, 45, 48, 49, 52, 54, 56, 58, 60, 62, 66, 68, 73], "summary": {"covered_lines": 36, "num_statements": 36, "percent_covered": 100.0, "percent_covered_display": "100", "missing_lines": 0, "excluded_lines": 0, "percent_statements_covered": 100.0, "percent_statements_covered_display": "100"}, "missing_lines": [], "excluded_lines": [], "functions": {"TTSAdapter.synthesize": {"executed_lines": [], "summary": {"covered_lines": 0, "num_statements": 0, "percent_covered": 100.0, "percent_covered_display": "100", "missing_lines": 0, "excluded_lines": 0, "percent_statements_covered": 100.0, "percent_statements_covered_display": "100"}, "missing_lines": [], "excluded_lines": [], "start_line": 45}, "TTSAdapter.list_voices": {"executed_lines": [], "summary": {"covered_lines": 0, "num_statements": 0, "percent_covered": 100.0, "percent_covered_display": "100", "missing_lines": 0, "excluded_lines": 0, "percent_statements_covered": 100.0, "percent_statements_covered_display": "100"}, "missing_lines": [], "excluded_lines": [], "start_line": 49}, "TTSAdapter.validate": {"executed_lines": [54], "summary": {"covered_lines": 1, "num_statements": 1, "percent_covered": 100.0, "percent_covered_display": "100", "missing_lines": 0, "excluded_lines": 0, "percent_statements_covered": 100.0, "percent_statements_covered_display": "100"}, "missing_lines": [], "excluded_lines": [], "start_line": 52}, "TTSAdapter.estimate_cost": {"executed_lines": [58], "summary": {"covered_lines": 1, "num_statements": 1, "percent_covered": 100.0, "percent_covered_display": "100", "missing_lines": 0, "excluded_lines": 0, "percent_statements_covered": 100.0, "percent_statements_covered_display": "100"}, "missing_lines": [], "excluded_lines": [], "start_line": 56}, "TTSAdapter.check_quota": {"executed_lines": [62], "summary": {"covered_lines": 1, "num_statements": 1, "percent_covered": 100.0, "percent_covered_display": "100", "missing_lines": 0, "excluded_lines": 0, "percent_statements_covered": 100.0, "percent_statements_covered_display": "100"}, "missing_lines": [], "excluded_lines": [], "start_line": 60}, "TTSAdapter.speak": {"executed_lines": [68, 73], "summary": {"covered_lines": 2, "num_statements": 2, "percent_covered": 100.0, "percent_covered_display": "100", "missing_lines": 0, "excluded_lines": 0, "percent_statements_covered": 100.0, "percent_statements_covered_display": "100"}, "missing_lines": [], "excluded_lines": [], "start_line": 66}, "": {"executed_lines": [8, 9, 10, 11, 12, 15, 16, 19, 20, 21, 22, 23, 24, 27, 28, 31, 32, 33, 36, 39, 40, 41, 42, 44, 45, 48, 49, 52, 56, 60, 66], "summary": {"covered_lines": 31, "num_statements": 31, "percent_covered": 100.0, "percent_covered_display": "100", "missing_lines": 0, "excluded_lines": 0, "percent_statements_covered": 100.0, "percent_statements_covered_display": "100"}, "missing_lines": [], "excluded_lines": [], "start_line": 1}}, "classes": {"VoiceInfo": {"executed_lines": [], "summary": {"covered_lines": 0, "num_statements": 0, "percent_covered": 100.0, "percent_covered_display": "100", "missing_lines": 0, "excluded_lines": 0, "percent_statements_covered": 100.0, "percent_statements_covered_display": "100"}, "missing_lines": [], "excluded_lines": [], "start_line": 16}, "QuotaInfo": {"executed_lines": [], "summary": {"covered_lines": 0, "num_statements": 0, "percent_covered": 100.0, "percent_covered_display": "100", "missing_lines": 0, "excluded_lines": 0, "percent_statements_covered": 100.0, "percent_statements_covered_display": "100"}, "missing_lines": [], "excluded_lines": [], "start_line": 28}, "TTSAdapter": {"executed_lines": [54, 58, 62, 68, 73], "summary": {"covered_lines": 5, "num_statements": 5, "percent_covered": 100.0, "percent_covered_display": "100", "missing_lines": 0, "excluded_lines": 0, "percent_statements_covered": 100.0, "percent_statements_covered_display": "100"}, "missing_lines": [], "excluded_lines": [], "start_line": 36}, "": {"executed_lines": [8, 9, 10, 11, 12, 15, 16, 19, 20, 21, 22, 23, 24, 27, 28, 31, 32, 33, 36, 39, 40, 41, 42, 44, 45, 48, 49, 52, 56, 60, 66], "summary": {"covered_lines": 31, "num_statements": 31, "percent_covered": 100.0, "percent_covered_display": "100", "missing_lines": 0, "excluded_lines": 0, "percent_statements_covered": 100.0, "percent_statements_covered_display": "100"}, "missing_lines": [], "excluded_lines": [], "start_line": 1}}}, "src/manuscripta/audiobook/tts/edge_tts_adapter.py": {"executed_lines": [27, 28, 29, 30, 31, 33, 34, 38, 41, 59, 73, 74, 75, 76, 78, 86, 87, 88, 89, 90, 92, 94, 95, 97, 98, 99, 101, 102, 106, 108, 109, 110, 111, 112, 113, 114, 115, 120, 130, 132, 134, 135, 136, 137, 139, 140, 144, 145, 147, 148, 149, 150, 152, 164, 166, 167, 169, 171, 173, 174, 176, 180, 182, 183, 184, 191, 192, 213], "summary": {"covered_lines": 68, "num_statements": 100, "percent_covered": 68.0, "percent_covered_display": "68", "missing_lines": 32, "excluded_lines": 0, "percent_statements_covered": 68.0, "percent_statements_covered_display": "68"}, "missing_lines": [104, 138, 153, 154, 156, 157, 158, 159, 161, 162, 193, 194, 195, 196, 197, 198, 200, 201, 202, 207, 215, 217, 218, 219, 220, 221, 222, 223, 225, 226, 227, 229], "excluded_lines": [], "functions": {"EdgeTTSAdapter.__init__": {"executed_lines": [86, 87, 88, 89, 90], "summary": {"covered_lines": 5, "num_statements": 5, "percent_covered": 100.0, "percent_covered_display": "100", "missing_lines": 0, "excluded_lines": 0, "percent_statements_covered": 100.0, "percent_statements_covered_display": "100"}, "missing_lines": [], "excluded_lines": [], "start_line": 78}, "EdgeTTSAdapter.synthesize": {"executed_lines": [94, 95, 97, 98, 99, 101, 102], "summary": {"covered_lines": 7, "num_statements": 8, "percent_covered": 87.5, "percent_covered_display": "88", "missing_lines": 1, "excluded_lines": 0, "percent_statements_covered": 87.5, "percent_statements_covered_display": "88"}, "missing_lines": [104], "excluded_lines": [], "start_line": 92}, "EdgeTTSAdapter.list_voices": {"executed_lines": [108, 109, 110, 111, 112, 113, 114, 115, 120, 130], "summary": {"covered_lines": 10, "num_statements": 10, "percent_covered": 100.0, "percent_covered_display": "100", "missing_lines": 0, "excluded_lines": 0, "percent_statements_covered": 100.0, "percent_statements_covered_display": "100"}, "missing_lines": [], "excluded_lines": [], "start_line": 106}, "EdgeTTSAdapter.validate": {"executed_lines": [134, 135, 136, 137, 139, 140], "summary": {"covered_lines": 6, "num_statements": 7, "percent_covered": 85.71428571428571, "percent_covered_display": "86", "missing_lines": 1, "excluded_lines": 0, "percent_statements_covered": 85.71428571428571, "percent_statements_covered_display": "86"}, "missing_lines": [138], "excluded_lines": [], "start_line": 132}, "EdgeTTSAdapter._run_async": {"executed_lines": [147, 148, 149, 150, 152, 164], "summary": {"covered_lines": 6, "num_statements": 14, "percent_covered": 42.857142857142854, "percent_covered_display": "43", "missing_lines": 8, "excluded_lines": 0, "percent_statements_covered": 42.857142857142854, "percent_statements_covered_display": "43"}, "missing_lines": [153, 154, 156, 157, 158, 159, 161, 162], "excluded_lines": [], "start_line": 145}, "EdgeTTSAdapter._fetch_voices": {"executed_lines": [169, 171], "summary": {"covered_lines": 2, "num_statements": 2, "percent_covered": 100.0, "percent_covered_display": "100", "missing_lines": 0, "excluded_lines": 0, "percent_statements_covered": 100.0, "percent_statements_covered_display": "100"}, "missing_lines": [], "excluded_lines": [], "start_line": 167}, "EdgeTTSAdapter._generate_single": {"executed_lines": [174], "summary": {"covered_lines": 1, "num_statements": 1, "percent_covered": 100.0, "percent_covered_display": "100", "missing_lines": 0, "excluded_lines": 0, "percent_statements_covered": 100.0, "percent_statements_covered_display": "100"}, "missing_lines": [], "excluded_lines": [], "start_line": 173}, "EdgeTTSAdapter._tts_with_retry": {"executed_lines": [180, 182, 183, 184, 191, 192], "summary": {"covered_lines": 6, "num_statements": 16, "percent_covered": 37.5, "percent_covered_display": "38", "missing_lines": 10, "excluded_lines": 0, "percent_statements_covered": 37.5, "percent_statements_covered_display": "38"}, "missing_lines": [193, 194, 195, 196, 197, 198, 200, 201, 202, 207], "excluded_lines": [], "start_line": 176}, "EdgeTTSAdapter._generate_chunked": {"executed_lines": [], "summary": {"covered_lines": 0, "num_statements": 12, "percent_covered": 0.0, "percent_covered_display": "0", "missing_lines": 12, "excluded_lines": 0, "percent_statements_covered": 0.0, "percent_statements_covered_display": "0"}, "missing_lines": [215, 217, 218, 219, 220, 221, 222, 223, 225, 226, 227, 229], "excluded_lines": [], "start_line": 213}, "": {"executed_lines": [27, 28, 29, 30, 31, 33, 34, 38, 41, 59, 73, 74, 75, 76, 78, 92, 106, 132, 144, 145, 166, 167, 173, 176, 213], "summary": {"covered_lines": 25, "num_statements": 25, "percent_covered": 100.0, "percent_covered_display": "100", "missing_lines": 0, "excluded_lines": 0, "percent_statements_covered": 100.0, "percent_statements_covered_display": "100"}, "missing_lines": [], "excluded_lines": [], "start_line": 1}}, "classes": {"EdgeTTSAdapter": {"executed_lines": [86, 87, 88, 89, 90, 94, 95, 97, 98, 99, 101, 102, 108, 109, 110, 111, 112, 113, 114, 115, 120, 130, 134, 135, 136, 137, 139, 140, 147, 148, 149, 150, 152, 164, 169, 171, 174, 180, 182, 183, 184, 191, 192], "summary": {"covered_lines": 43, "num_statements": 75, "percent_covered": 57.333333333333336, "percent_covered_display": "57", "missing_lines": 32, "excluded_lines": 0, "percent_statements_covered": 57.333333333333336, "percent_statements_covered_display": "57"}, "missing_lines": [104, 138, 153, 154, 156, 157, 158, 159, 161, 162, 193, 194, 195, 196, 197, 198, 200, 201, 202, 207, 215, 217, 218, 219, 220, 221, 222, 223, 225, 226, 227, 229], "excluded_lines": [], "start_line": 59}, "": {"executed_lines": [27, 28, 29, 30, 31, 33, 34, 38, 41, 59, 73, 74, 75, 76, 78, 92, 106, 132, 144, 145, 166, 167, 173, 176, 213], "summary": {"covered_lines": 25, "num_statements": 25, "percent_covered": 100.0, "percent_covered_display": "100", "missing_lines": 0, "excluded_lines": 0, "percent_statements_covered": 100.0, "percent_statements_covered_display": "100"}, "missing_lines": [], "excluded_lines": [], "start_line": 1}}}, "src/manuscripta/audiobook/tts/elevenlabs_adapter.py": {"executed_lines": [9, 10, 12, 13, 20, 21, 24, 27, 36, 37, 38, 39, 41, 48, 49, 50, 51, 58, 59, 64, 65, 66, 67, 68, 69, 71, 72, 73, 75, 77, 78, 79, 81, 83, 84, 85, 86, 87, 89, 90, 92, 93, 102, 103, 104, 108, 109, 110, 111, 112, 114, 115, 117, 127, 129, 130, 131, 132, 133, 134, 136, 137, 139, 140, 141, 142, 143, 144, 152], "summary": {"covered_lines": 69, "num_statements": 85, "percent_covered": 81.17647058823529, "percent_covered_display": "81", "missing_lines": 16, "excluded_lines": 0, "percent_statements_covered": 81.17647058823529, "percent_statements_covered_display": "81"}, "missing_lines": [74, 99, 100, 105, 106, 148, 149, 150, 154, 155, 156, 161, 162, 167, 168, 173], "excluded_lines": [], "functions": {"ElevenLabsAdapter.__init__": {"executed_lines": [48, 49, 50, 51, 58, 59, 64, 65, 66, 67, 68, 69], "summary": {"covered_lines": 12, "num_statements": 12, "percent_covered": 100.0, "percent_covered_display": "100", "missing_lines": 0, "excluded_lines": 0, "percent_statements_covered": 100.0, "percent_statements_covered_display": "100"}, "missing_lines": [], "excluded_lines": [], "start_line": 41}, "ElevenLabsAdapter.client": {"executed_lines": [73, 75], "summary": {"covered_lines": 2, "num_statements": 3, "percent_covered": 66.66666666666667, "percent_covered_display": "67", "missing_lines": 1, "excluded_lines": 0, "percent_statements_covered": 66.66666666666667, "percent_statements_covered_display": "67"}, "missing_lines": [74], "excluded_lines": [], "start_line": 72}, "ElevenLabsAdapter.synthesize": {"executed_lines": [78, 79, 81, 83, 84, 85, 86, 87], "summary": {"covered_lines": 8, "num_statements": 8, "percent_covered": 100.0, "percent_covered_display": "100", "missing_lines": 0, "excluded_lines": 0, "percent_statements_covered": 100.0, "percent_statements_covered_display": "100"}, "missing_lines": [], "excluded_lines": [], "start_line": 77}, "ElevenLabsAdapter._synthesize_chunk": {"executed_lines": [92, 93], "summary": {"covered_lines": 2, "num_statements": 4, "percent_covered": 50.0, "percent_covered_display": "50", "missing_lines": 2, "excluded_lines": 0, "percent_statements_covered": 50.0, "percent_statements_covered_display": "50"}, "missing_lines": [99, 100], "excluded_lines": [], "start_line": 90}, "ElevenLabsAdapter.list_voices": {"executed_lines": [103, 104, 108, 109, 110, 111, 112, 114, 115, 117, 127], "summary": {"covered_lines": 11, "num_statements": 13, "percent_covered": 84.61538461538461, "percent_covered_display": "85", "missing_lines": 2, "excluded_lines": 0, "percent_statements_covered": 84.61538461538461, "percent_statements_covered_display": "85"}, "missing_lines": [105, 106], "excluded_lines": [], "start_line": 102}, "ElevenLabsAdapter.validate": {"executed_lines": [130, 131, 132, 133, 134], "summary": {"covered_lines": 5, "num_statements": 5, "percent_covered": 100.0, "percent_covered_display": "100", "missing_lines": 0, "excluded_lines": 0, "percent_statements_covered": 100.0, "percent_statements_covered_display": "100"}, "missing_lines": [], "excluded_lines": [], "start_line": 129}, "ElevenLabsAdapter.estimate_cost": {"executed_lines": [137], "summary": {"covered_lines": 1, "num_statements": 1, "percent_covered": 100.0, "percent_covered_display": "100", "missing_lines": 0, "excluded_lines": 0, "percent_statements_covered": 100.0, "percent_statements_covered_display": "100"}, "missing_lines": [], "excluded_lines": [], "start_line": 136}, "ElevenLabsAdapter.check_quota": {"executed_lines": [140, 141, 142, 143, 144], "summary": {"covered_lines": 5, "num_statements": 8, "percent_covered": 62.5, "percent_covered_display": "62", "missing_lines": 3, "excluded_lines": 0, "percent_statements_covered": 62.5, "percent_statements_covered_display": "62"}, "missing_lines": [148, 149, 150], "excluded_lines": [], "start_line": 139}, "ElevenLabsAdapter._map_exception": {"executed_lines": [], "summary": {"covered_lines": 0, "num_statements": 8, "percent_covered": 0.0, "percent_covered_display": "0", "missing_lines": 8, "excluded_lines": 0, "percent_statements_covered": 0.0, "percent_statements_covered_display": "0"}, "missing_lines": [154, 155, 156, 161, 162, 167, 168, 173], "excluded_lines": [], "start_line": 152}, "": {"executed_lines": [9, 10, 12, 13, 20, 21, 24, 27, 36, 37, 38, 39, 41, 71, 72, 77, 89, 90, 102, 129, 136, 139, 152], "summary": {"covered_lines": 23, "num_statements": 23, "percent_covered": 100.0, "percent_covered_display": "100", "missing_lines": 0, "excluded_lines": 0, "percent_statements_covered": 100.0, "percent_statements_covered_display": "100"}, "missing_lines": [], "excluded_lines": [], "start_line": 1}}, "classes": {"ElevenLabsAdapter": {"executed_lines": [48, 49, 50, 51, 58, 59, 64, 65, 66, 67, 68, 69, 73, 75, 78, 79, 81, 83, 84, 85, 86, 87, 92, 93, 103, 104, 108, 109, 110, 111, 112, 114, 115, 117, 127, 130, 131, 132, 133, 134, 137, 140, 141, 142, 143, 144], "summary": {"covered_lines": 46, "num_statements": 62, "percent_covered": 74.19354838709677, "percent_covered_display": "74", "missing_lines": 16, "excluded_lines": 0, "percent_statements_covered": 74.19354838709677, "percent_statements_covered_display": "74"}, "missing_lines": [74, 99, 100, 105, 106, 148, 149, 150, 154, 155, 156, 161, 162, 167, 168, 173], "excluded_lines": [], "start_line": 27}, "": {"executed_lines": [9, 10, 12, 13, 20, 21, 24, 27, 36, 37, 38, 39, 41, 71, 72, 77, 89, 90, 102, 129, 136, 139, 152], "summary": {"covered_lines": 23, "num_statements": 23, "percent_covered": 100.0, "percent_covered_display": "100", "missing_lines": 0, "excluded_lines": 0, "percent_statements_covered": 100.0, "percent_statements_covered_display": "100"}, "missing_lines": [], "excluded_lines": [], "start_line": 1}}}, "src/manuscripta/audiobook/tts/exceptions.py": {"executed_lines": [9, 12, 18, 19, 20, 23, 27, 31, 35, 39, 43, 47, 50, 51, 52, 55], "summary": {"covered_lines": 16, "num_statements": 16, "percent_covered": 100.0, "percent_covered_display": "100", "missing_lines": 0, "excluded_lines": 0, "percent_statements_covered": 100.0, "percent_statements_covered_display": "100"}, "missing_lines": [], "excluded_lines": [], "functions": {"TTSError.__init__": {"executed_lines": [18, 19, 20], "summary": {"covered_lines": 3, "num_statements": 3, "percent_covered": 100.0, "percent_covered_display": "100", "missing_lines": 0, "excluded_lines": 0, "percent_statements_covered": 100.0, "percent_statements_covered_display": "100"}, "missing_lines": [], "excluded_lines": [], "start_line": 12}, "TTSTransientError.__init__": {"executed_lines": [51, 52], "summary": {"covered_lines": 2, "num_statements": 2, "percent_covered": 100.0, "percent_covered_display": "100", "missing_lines": 0, "excluded_lines": 0, "percent_statements_covered": 100.0, "percent_statements_covered_display": "100"}, "missing_lines": [], "excluded_lines": [], "start_line": 50}, "": {"executed_lines": [9, 12, 23, 27, 31, 35, 39, 43, 47, 50, 55], "summary": {"covered_lines": 11, "num_statements": 11, "percent_covered": 100.0, "percent_covered_display": "100", "missing_lines": 0, "excluded_lines": 0, "percent_statements_covered": 100.0, "percent_statements_covered_display": "100"}, "missing_lines": [], "excluded_lines": [], "start_line": 1}}, "classes": {"TTSError": {"executed_lines": [18, 19, 20], "summary": {"covered_lines": 3, "num_statements": 3, "percent_covered": 100.0, "percent_covered_display": "100", "missing_lines": 0, "excluded_lines": 0, "percent_statements_covered": 100.0, "percent_statements_covered_display": "100"}, "missing_lines": [], "excluded_lines": [], "start_line": 9}, "TTSEngineNotInstalledError": {"executed_lines": [], "summary": {"covered_lines": 0, "num_statements": 0, "percent_covered": 100.0, "percent_covered_display": "100", "missing_lines": 0, "excluded_lines": 0, "percent_statements_covered": 100.0, "percent_statements_covered_display": "100"}, "missing_lines": [], "excluded_lines": [], "start_line": 23}, "TTSCredentialsError": {"executed_lines": [], "summary": {"covered_lines": 0, "num_statements": 0, "percent_covered": 100.0, "percent_covered_display": "100", "missing_lines": 0, "excluded_lines": 0, "percent_statements_covered": 100.0, "percent_statements_covered_display": "100"}, "missing_lines": [], "excluded_lines": [], "start_line": 27}, "TTSCredentialsMissingError": {"executed_lines": [], "summary": {"covered_lines": 0, "num_statements": 0, "percent_covered": 100.0, "percent_covered_display": "100", "missing_lines": 0, "excluded_lines": 0, "percent_statements_covered": 100.0, "percent_statements_covered_display": "100"}, "missing_lines": [], "excluded_lines": [], "start_line": 31}, "TTSCredentialsInvalidError": {"executed_lines": [], "summary": {"covered_lines": 0, "num_statements": 0, "percent_covered": 100.0, "percent_covered_display": "100", "missing_lines": 0, "excluded_lines": 0, "percent_statements_covered": 100.0, "percent_statements_covered_display": "100"}, "missing_lines": [], "excluded_lines": [], "start_line": 35}, "TTSQuotaExceededError": {"executed_lines": [], "summary": {"covered_lines": 0, "num_statements": 0, "percent_covered": 100.0, "percent_covered_display": "100", "missing_lines": 0, "excluded_lines": 0, "percent_statements_covered": 100.0, "percent_statements_covered_display": "100"}, "missing_lines": [], "excluded_lines": [], "start_line": 39}, "TTSInvalidInputError": {"executed_lines": [], "summary": {"covered_lines": 0, "num_statements": 0, "percent_covered": 100.0, "percent_covered_display": "100", "missing_lines": 0, "excluded_lines": 0, "percent_statements_covered": 100.0, "percent_statements_covered_display": "100"}, "missing_lines": [], "excluded_lines": [], "start_line": 43}, "TTSTransientError": {"executed_lines": [51, 52], "summary": {"covered_lines": 2, "num_statements": 2, "percent_covered": 100.0, "percent_covered_display": "100", "missing_lines": 0, "excluded_lines": 0, "percent_statements_covered": 100.0, "percent_statements_covered_display": "100"}, "missing_lines": [], "excluded_lines": [], "start_line": 47}, "TTSServiceUnavailableError": {"executed_lines": [], "summary": {"covered_lines": 0, "num_statements": 0, "percent_covered": 100.0, "percent_covered_display": "100", "missing_lines": 0, "excluded_lines": 0, "percent_statements_covered": 100.0, "percent_statements_covered_display": "100"}, "missing_lines": [], "excluded_lines": [], "start_line": 55}, "": {"executed_lines": [9, 12, 23, 27, 31, 35, 39, 43, 47, 50, 55], "summary": {"covered_lines": 11, "num_statements": 11, "percent_covered": 100.0, "percent_covered_display": "100", "missing_lines": 0, "excluded_lines": 0, "percent_statements_covered": 100.0, "percent_statements_covered_display": "100"}, "missing_lines": [], "excluded_lines": [], "start_line": 1}}}, "src/manuscripta/audiobook/tts/google_cloud_tts_adapter.py": {"executed_lines": [17, 18, 20, 21, 29, 30, 33, 42, 50, 51, 52, 53, 55, 61, 62, 63, 64, 65, 72, 73, 74, 75, 76, 77, 79, 80, 81, 89, 91, 92, 94, 96, 97, 107, 133, 134, 135, 137, 139, 140, 141, 142, 144, 145, 146, 149, 151, 152, 153, 154, 155, 157, 158, 168, 170, 177, 178, 179, 180, 182, 183, 184, 185, 186, 187, 188, 190, 191, 192, 195, 196, 198, 199, 200, 201, 202, 203], "summary": {"covered_lines": 77, "num_statements": 95, "percent_covered": 81.05263157894737, "percent_covered_display": "81", "missing_lines": 18, "excluded_lines": 0, "percent_statements_covered": 81.05263157894737, "percent_statements_covered_display": "81"}, "missing_lines": [82, 83, 86, 88, 108, 109, 114, 115, 120, 121, 126, 127, 147, 171, 172, 173, 174, 175], "excluded_lines": [], "functions": {"GoogleCloudTTSAdapter.__init__": {"executed_lines": [61, 62, 63, 64, 65, 72, 73, 74, 75, 76, 77], "summary": {"covered_lines": 11, "num_statements": 11, "percent_covered": 100.0, "percent_covered_display": "100", "missing_lines": 0, "excluded_lines": 0, "percent_statements_covered": 100.0, "percent_statements_covered_display": "100"}, "missing_lines": [], "excluded_lines": [], "start_line": 55}, "GoogleCloudTTSAdapter.client": {"executed_lines": [81, 89], "summary": {"covered_lines": 2, "num_statements": 6, "percent_covered": 33.333333333333336, "percent_covered_display": "33", "missing_lines": 4, "excluded_lines": 0, "percent_statements_covered": 33.333333333333336, "percent_statements_covered_display": "33"}, "missing_lines": [82, 83, 86, 88], "excluded_lines": [], "start_line": 80}, "GoogleCloudTTSAdapter._synthesize_chunk": {"executed_lines": [94, 96, 97, 107], "summary": {"covered_lines": 4, "num_statements": 12, "percent_covered": 33.333333333333336, "percent_covered_display": "33", "missing_lines": 8, "excluded_lines": 0, "percent_statements_covered": 33.333333333333336, "percent_statements_covered_display": "33"}, "missing_lines": [108, 109, 114, 115, 120, 121, 126, 127], "excluded_lines": [], "start_line": 92}, "GoogleCloudTTSAdapter.synthesize": {"executed_lines": [134, 135, 137, 139, 140, 141, 142], "summary": {"covered_lines": 7, "num_statements": 7, "percent_covered": 100.0, "percent_covered_display": "100", "missing_lines": 0, "excluded_lines": 0, "percent_statements_covered": 100.0, "percent_statements_covered_display": "100"}, "missing_lines": [], "excluded_lines": [], "start_line": 133}, "GoogleCloudTTSAdapter.list_voices": {"executed_lines": [145, 146, 149, 151, 152, 153, 154, 155, 157, 158, 168], "summary": {"covered_lines": 11, "num_statements": 12, "percent_covered": 91.66666666666667, "percent_covered_display": "92", "missing_lines": 1, "excluded_lines": 0, "percent_statements_covered": 91.66666666666667, "percent_statements_covered_display": "92"}, "missing_lines": [147], "excluded_lines": [], "start_line": 144}, "GoogleCloudTTSAdapter.validate": {"executed_lines": [], "summary": {"covered_lines": 0, "num_statements": 5, "percent_covered": 0.0, "percent_covered_display": "0", "missing_lines": 5, "excluded_lines": 0, "percent_statements_covered": 0.0, "percent_statements_covered_display": "0"}, "missing_lines": [171, 172, 173, 174, 175], "excluded_lines": [], "start_line": 170}, "GoogleCloudTTSAdapter.estimate_cost": {"executed_lines": [178, 179, 180], "summary": {"covered_lines": 3, "num_statements": 3, "percent_covered": 100.0, "percent_covered_display": "100", "missing_lines": 0, "excluded_lines": 0, "percent_statements_covered": 100.0, "percent_statements_covered_display": "100"}, "missing_lines": [], "excluded_lines": [], "start_line": 177}, "GoogleCloudTTSAdapter._detect_quality": {"executed_lines": [184, 185, 186, 187, 188], "summary": {"covered_lines": 5, "num_statements": 5, "percent_covered": 100.0, "percent_covered_display": "100", "missing_lines": 0, "excluded_lines": 0, "percent_statements_covered": 100.0, "percent_statements_covered_display": "100"}, "missing_lines": [], "excluded_lines": [], "start_line": 183}, "GoogleCloudTTSAdapter._map_gender": {"executed_lines": [192, 195, 196], "summary": {"covered_lines": 3, "num_statements": 3, "percent_covered": 100.0, "percent_covered_display": "100", "missing_lines": 0, "excluded_lines": 0, "percent_statements_covered": 100.0, "percent_statements_covered_display": "100"}, "missing_lines": [], "excluded_lines": [], "start_line": 191}, "GoogleCloudTTSAdapter._format_display_name": {"executed_lines": [200, 201, 202, 203], "summary": {"covered_lines": 4, "num_statements": 4, "percent_covered": 100.0, "percent_covered_display": "100", "missing_lines": 0, "excluded_lines": 0, "percent_statements_covered": 100.0, "percent_statements_covered_display": "100"}, "missing_lines": [], "excluded_lines": [], "start_line": 199}, "": {"executed_lines": [17, 18, 20, 21, 29, 30, 33, 42, 50, 51, 52, 53, 55, 79, 80, 91, 92, 133, 144, 170, 177, 182, 183, 190, 191, 198, 199], "summary": {"covered_lines": 27, "num_statements": 27, "percent_covered": 100.0, "percent_covered_display": "100", "missing_lines": 0, "excluded_lines": 0, "percent_statements_covered": 100.0, "percent_statements_covered_display": "100"}, "missing_lines": [], "excluded_lines": [], "start_line": 1}}, "classes": {"GoogleCloudTTSAdapter": {"executed_lines": [61, 62, 63, 64, 65, 72, 73, 74, 75, 76, 77, 81, 89, 94, 96, 97, 107, 134, 135, 137, 139, 140, 141, 142, 145, 146, 149, 151, 152, 153, 154, 155, 157, 158, 168, 178, 179, 180, 184, 185, 186, 187, 188, 192, 195, 196, 200, 201, 202, 203], "summary": {"covered_lines": 50, "num_statements": 68, "percent_covered": 73.52941176470588, "percent_covered_display": "74", "missing_lines": 18, "excluded_lines": 0, "percent_statements_covered": 73.52941176470588, "percent_statements_covered_display": "74"}, "missing_lines": [82, 83, 86, 88, 108, 109, 114, 115, 120, 121, 126, 127, 147, 171, 172, 173, 174, 175], "excluded_lines": [], "start_line": 42}, "": {"executed_lines": [17, 18, 20, 21, 29, 30, 33, 42, 50, 51, 52, 53, 55, 79, 80, 91, 92, 133, 144, 170, 177, 182, 183, 190, 191, 198, 199], "summary": {"covered_lines": 27, "num_statements": 27, "percent_covered": 100.0, "percent_covered_display": "100", "missing_lines": 0, "excluded_lines": 0, "percent_statements_covered": 100.0, "percent_statements_covered_display": "100"}, "missing_lines": [], "excluded_lines": [], "start_line": 1}}}, "src/manuscripta/audiobook/tts/google_translate_adapter.py": {"executed_lines": [13, 14, 15, 17, 18, 22, 25, 34, 35, 36, 37, 39, 40, 41, 42, 43, 50, 57, 59, 60, 61, 63, 64, 65, 66, 67, 78, 79, 81, 82, 83, 84, 85, 86, 96, 100, 103, 104, 110], "summary": {"covered_lines": 39, "num_statements": 44, "percent_covered": 88.63636363636364, "percent_covered_display": "89", "missing_lines": 5, "excluded_lines": 0, "percent_statements_covered": 88.63636363636364, "percent_statements_covered_display": "89"}, "missing_lines": [68, 69, 70, 71, 76], "excluded_lines": [], "functions": {"GoogleTranslateTTSAdapter.__init__": {"executed_lines": [40, 41, 42, 43, 50, 57], "summary": {"covered_lines": 6, "num_statements": 6, "percent_covered": 100.0, "percent_covered_display": "100", "missing_lines": 0, "excluded_lines": 0, "percent_statements_covered": 100.0, "percent_statements_covered_display": "100"}, "missing_lines": [], "excluded_lines": [], "start_line": 39}, "GoogleTranslateTTSAdapter.synthesize": {"executed_lines": [61, 63, 64, 65, 66, 67], "summary": {"covered_lines": 6, "num_statements": 11, "percent_covered": 54.54545454545455, "percent_covered_display": "55", "missing_lines": 5, "excluded_lines": 0, "percent_statements_covered": 54.54545454545455, "percent_statements_covered_display": "55"}, "missing_lines": [68, 69, 70, 71, 76], "excluded_lines": [], "start_line": 60}, "GoogleTranslateTTSAdapter.list_voices": {"executed_lines": [79, 81, 82, 83, 84, 85, 86, 96], "summary": {"covered_lines": 8, "num_statements": 8, "percent_covered": 100.0, "percent_covered_display": "100", "missing_lines": 0, "excluded_lines": 0, "percent_statements_covered": 100.0, "percent_statements_covered_display": "100"}, "missing_lines": [], "excluded_lines": [], "start_line": 78}, "GoogleTTSAdapter.__init__": {"executed_lines": [104, 110], "summary": {"covered_lines": 2, "num_statements": 2, "percent_covered": 100.0, "percent_covered_display": "100", "missing_lines": 0, "excluded_lines": 0, "percent_statements_covered": 100.0, "percent_statements_covered_display": "100"}, "missing_lines": [], "excluded_lines": [], "start_line": 103}, "": {"executed_lines": [13, 14, 15, 17, 18, 22, 25, 34, 35, 36, 37, 39, 59, 60, 78, 100, 103], "summary": {"covered_lines": 17, "num_statements": 17, "percent_covered": 100.0, "percent_covered_display": "100", "missing_lines": 0, "excluded_lines": 0, "percent_statements_covered": 100.0, "percent_statements_covered_display": "100"}, "missing_lines": [], "excluded_lines": [], "start_line": 1}}, "classes": {"GoogleTranslateTTSAdapter": {"executed_lines": [40, 41, 42, 43, 50, 57, 61, 63, 64, 65, 66, 67, 79, 81, 82, 83, 84, 85, 86, 96], "summary": {"covered_lines": 20, "num_statements": 25, "percent_covered": 80.0, "percent_covered_display": "80", "missing_lines": 5, "excluded_lines": 0, "percent_statements_covered": 80.0, "percent_statements_covered_display": "80"}, "missing_lines": [68, 69, 70, 71, 76], "excluded_lines": [], "start_line": 25}, "GoogleTTSAdapter": {"executed_lines": [104, 110], "summary": {"covered_lines": 2, "num_statements": 2, "percent_covered": 100.0, "percent_covered_display": "100", "missing_lines": 0, "excluded_lines": 0, "percent_statements_covered": 100.0, "percent_statements_covered_display": "100"}, "missing_lines": [], "excluded_lines": [], "start_line": 100}, "": {"executed_lines": [13, 14, 15, 17, 18, 22, 25, 34, 35, 36, 37, 39, 59, 60, 78, 100, 103], "summary": {"covered_lines": 17, "num_statements": 17, "percent_covered": 100.0, "percent_covered_display": "100", "missing_lines": 0, "excluded_lines": 0, "percent_statements_covered": 100.0, "percent_statements_covered_display": "100"}, "missing_lines": [], "excluded_lines": [], "start_line": 1}}}, "src/manuscripta/audiobook/tts/pyttsx3_adapter.py": {"executed_lines": [10, 11, 13, 14, 20, 29, 30, 31, 33, 34, 35, 36, 37, 44, 45, 46, 48, 49, 51, 52, 54, 55, 56, 57, 63, 65, 66, 68, 69, 70, 71, 72, 74, 75, 76, 77, 79, 80, 81, 84, 89, 91, 92, 93, 101, 111], "summary": {"covered_lines": 46, "num_statements": 49, "percent_covered": 93.87755102040816, "percent_covered_display": "94", "missing_lines": 3, "excluded_lines": 0, "percent_statements_covered": 93.87755102040816, "percent_statements_covered_display": "94"}, "missing_lines": [64, 82, 99], "excluded_lines": [], "functions": {"Pyttsx3Adapter.__init__": {"executed_lines": [34, 35, 36, 37, 44, 45, 46], "summary": {"covered_lines": 7, "num_statements": 7, "percent_covered": 100.0, "percent_covered_display": "100", "missing_lines": 0, "excluded_lines": 0, "percent_statements_covered": 100.0, "percent_statements_covered_display": "100"}, "missing_lines": [], "excluded_lines": [], "start_line": 33}, "Pyttsx3Adapter.engine": {"executed_lines": [51, 52, 54, 55, 56, 57, 63, 65, 66], "summary": {"covered_lines": 9, "num_statements": 10, "percent_covered": 90.0, "percent_covered_display": "90", "missing_lines": 1, "excluded_lines": 0, "percent_statements_covered": 90.0, "percent_statements_covered_display": "90"}, "missing_lines": [64], "excluded_lines": [], "start_line": 49}, "Pyttsx3Adapter.synthesize": {"executed_lines": [69, 70, 71, 72], "summary": {"covered_lines": 4, "num_statements": 4, "percent_covered": 100.0, "percent_covered_display": "100", "missing_lines": 0, "excluded_lines": 0, "percent_statements_covered": 100.0, "percent_statements_covered_display": "100"}, "missing_lines": [], "excluded_lines": [], "start_line": 68}, "Pyttsx3Adapter.list_voices": {"executed_lines": [75, 76, 77, 79, 80, 81, 84, 89, 91, 92, 93, 101, 111], "summary": {"covered_lines": 13, "num_statements": 15, "percent_covered": 86.66666666666667, "percent_covered_display": "87", "missing_lines": 2, "excluded_lines": 0, "percent_statements_covered": 86.66666666666667, "percent_statements_covered_display": "87"}, "missing_lines": [82, 99], "excluded_lines": [], "start_line": 74}, "": {"executed_lines": [10, 11, 13, 14, 20, 29, 30, 31, 33, 48, 49, 68, 74], "summary": {"covered_lines": 13, "num_statements": 13, "percent_covered": 100.0, "percent_covered_display": "100", "missing_lines": 0, "excluded_lines": 0, "percent_statements_covered": 100.0, "percent_statements_covered_display": "100"}, "missing_lines": [], "excluded_lines": [], "start_line": 1}}, "classes": {"Pyttsx3Adapter": {"executed_lines": [34, 35, 36, 37, 44, 45, 46, 51, 52, 54, 55, 56, 57, 63, 65, 66, 69, 70, 71, 72, 75, 76, 77, 79, 80, 81, 84, 89, 91, 92, 93, 101, 111], "summary": {"covered_lines": 33, "num_statements": 36, "percent_covered": 91.66666666666667, "percent_covered_display": "92", "missing_lines": 3, "excluded_lines": 0, "percent_statements_covered": 91.66666666666667, "percent_statements_covered_display": "92"}, "missing_lines": [64, 82, 99], "excluded_lines": [], "start_line": 20}, "": {"executed_lines": [10, 11, 13, 14, 20, 29, 30, 31, 33, 48, 49, 68, 74], "summary": {"covered_lines": 13, "num_statements": 13, "percent_covered": 100.0, "percent_covered_display": "100", "missing_lines": 0, "excluded_lines": 0, "percent_statements_covered": 100.0, "percent_statements_covered_display": "100"}, "missing_lines": [], "excluded_lines": [], "start_line": 1}}}, "src/manuscripta/audiobook/tts/retry.py": {"executed_lines": [8, 10, 17, 20, 27, 28, 34, 35, 36, 38, 40], "summary": {"covered_lines": 11, "num_statements": 11, "percent_covered": 100.0, "percent_covered_display": "100", "missing_lines": 0, "excluded_lines": 0, "percent_statements_covered": 100.0, "percent_statements_covered_display": "100"}, "missing_lines": [], "excluded_lines": [], "functions": {"with_retry": {"executed_lines": [27, 28, 34, 40], "summary": {"covered_lines": 4, "num_statements": 4, "percent_covered": 100.0, "percent_covered_display": "100", "missing_lines": 0, "excluded_lines": 0, "percent_statements_covered": 100.0, "percent_statements_covered_display": "100"}, "missing_lines": [], "excluded_lines": [], "start_line": 20}, "with_retry.decorator": {"executed_lines": [35, 38], "summary": {"covered_lines": 2, "num_statements": 2, "percent_covered": 100.0, "percent_covered_display": "100", "missing_lines": 0, "excluded_lines": 0, "percent_statements_covered": 100.0, "percent_statements_covered_display": "100"}, "missing_lines": [], "excluded_lines": [], "start_line": 27}, "with_retry.decorator.wrapper": {"executed_lines": [36], "summary": {"covered_lines": 1, "num_statements": 1, "percent_covered": 100.0, "percent_covered_display": "100", "missing_lines": 0, "excluded_lines": 0, "percent_statements_covered": 100.0, "percent_statements_covered_display": "100"}, "missing_lines": [], "excluded_lines": [], "start_line": 35}, "": {"executed_lines": [8, 10, 17, 20], "summary": {"covered_lines": 4, "num_statements": 4, "percent_covered": 100.0, "percent_covered_display": "100", "missing_lines": 0, "excluded_lines": 0, "percent_statements_covered": 100.0, "percent_statements_covered_display": "100"}, "missing_lines": [], "excluded_lines": [], "start_line": 1}}, "classes": {"": {"executed_lines": [8, 10, 17, 20, 27, 28, 34, 35, 36, 38, 40], "summary": {"covered_lines": 11, "num_statements": 11, "percent_covered": 100.0, "percent_covered_display": "100", "missing_lines": 0, "excluded_lines": 0, "percent_statements_covered": 100.0, "percent_statements_covered_display": "100"}, "missing_lines": [], "excluded_lines": [], "start_line": 1}}}, "src/manuscripta/audiobook/tts/text_chunking.py": {"executed_lines": [7, 10, 18, 19, 20, 22, 23, 24, 25, 27, 28, 29, 30, 32, 33, 34, 36, 37, 38, 41, 42, 43, 45, 46, 47, 49, 50, 51, 52, 53, 54, 56, 58, 59, 61], "summary": {"covered_lines": 35, "num_statements": 36, "percent_covered": 97.22222222222223, "percent_covered_display": "97", "missing_lines": 1, "excluded_lines": 0, "percent_statements_covered": 97.22222222222223, "percent_statements_covered_display": "97"}, "missing_lines": [44], "excluded_lines": [], "functions": {"split_text_into_chunks": {"executed_lines": [18, 19, 20, 22, 23, 24, 25, 27, 28, 29, 30, 32, 33, 34, 36, 37, 38, 41, 42, 43, 45, 46, 47, 49, 50, 51, 52, 53, 54, 56, 58, 59, 61], "summary": {"covered_lines": 33, "num_statements": 34, "percent_covered": 97.05882352941177, "percent_covered_display": "97", "missing_lines": 1, "excluded_lines": 0, "percent_statements_covered": 97.05882352941177, "percent_statements_covered_display": "97"}, "missing_lines": [44], "excluded_lines": [], "start_line": 10}, "": {"executed_lines": [7, 10], "summary": {"covered_lines": 2, "num_statements": 2, "percent_covered": 100.0, "percent_covered_display": "100", "missing_lines": 0, "excluded_lines": 0, "percent_statements_covered": 100.0, "percent_statements_covered_display": "100"}, "missing_lines": [], "excluded_lines": [], "start_line": 1}}, "classes": {"": {"executed_lines": [7, 10, 18, 19, 20, 22, 23, 24, 25, 27, 28, 29, 30, 32, 33, 34, 36, 37, 38, 41, 42, 43, 45, 46, 47, 49, 50, 51, 52, 53, 54, 56, 58, 59, 61], "summary": {"covered_lines": 35, "num_statements": 36, "percent_covered": 97.22222222222223, "percent_covered_display": "97", "missing_lines": 1, "excluded_lines": 0, "percent_statements_covered": 97.22222222222223, "percent_statements_covered_display": "97"}, "missing_lines": [44], "excluded_lines": [], "start_line": 1}}}, "src/manuscripta/config/__init__.py": {"executed_lines": [], "summary": {"covered_lines": 0, "num_statements": 0, "percent_covered": 100.0, "percent_covered_display": "100", "missing_lines": 0, "excluded_lines": 0, "percent_statements_covered": 100.0, "percent_statements_covered_display": "100"}, "missing_lines": [], "excluded_lines": [], "functions": {"": {"executed_lines": [], "summary": {"covered_lines": 0, "num_statements": 0, "percent_covered": 100.0, "percent_covered_display": "100", "missing_lines": 0, "excluded_lines": 0, "percent_statements_covered": 100.0, "percent_statements_covered_display": "100"}, "missing_lines": [], "excluded_lines": [], "start_line": 1}}, "classes": {"": {"executed_lines": [], "summary": {"covered_lines": 0, "num_statements": 0, "percent_covered": 100.0, "percent_covered_display": "100", "missing_lines": 0, "excluded_lines": 0, "percent_statements_covered": 100.0, "percent_statements_covered_display": "100"}, "missing_lines": [], "excluded_lines": [], "start_line": 1}}}, "src/manuscripta/config/loader.py": {"executed_lines": [], "summary": {"covered_lines": 0, "num_statements": 19, "percent_covered": 0.0, "percent_covered_display": "0", "missing_lines": 19, "excluded_lines": 0, "percent_statements_covered": 0.0, "percent_statements_covered_display": "0"}, "missing_lines": [7, 8, 10, 13, 14, 15, 18, 20, 21, 24, 26, 27, 28, 29, 32, 34, 35, 36, 37], "excluded_lines": [], "functions": {"load_yaml": {"executed_lines": [], "summary": {"covered_lines": 0, "num_statements": 2, "percent_covered": 0.0, "percent_covered_display": "0", "missing_lines": 2, "excluded_lines": 0, "percent_statements_covered": 0.0, "percent_statements_covered_display": "0"}, "missing_lines": [20, 21], "excluded_lines": [], "start_line": 18}, "load_export_settings": {"executed_lines": [], "summary": {"covered_lines": 0, "num_statements": 4, "percent_covered": 0.0, "percent_covered_display": "0", "missing_lines": 4, "excluded_lines": 0, "percent_statements_covered": 0.0, "percent_statements_covered_display": "0"}, "missing_lines": [26, 27, 28, 29], "excluded_lines": [], "start_line": 24}, "load_voice_settings": {"executed_lines": [], "summary": {"covered_lines": 0, "num_statements": 4, "percent_covered": 0.0, "percent_covered_display": "0", "missing_lines": 4, "excluded_lines": 0, "percent_statements_covered": 0.0, "percent_statements_covered_display": "0"}, "missing_lines": [34, 35, 36, 37], "excluded_lines": [], "start_line": 32}, "": {"executed_lines": [], "summary": {"covered_lines": 0, "num_statements": 9, "percent_covered": 0.0, "percent_covered_display": "0", "missing_lines": 9, "excluded_lines": 0, "percent_statements_covered": 0.0, "percent_statements_covered_display": "0"}, "missing_lines": [7, 8, 10, 13, 14, 15, 18, 24, 32], "excluded_lines": [], "start_line": 1}}, "classes": {"": {"executed_lines": [], "summary": {"covered_lines": 0, "num_statements": 19, "percent_covered": 0.0, "percent_covered_display": "0", "missing_lines": 19, "excluded_lines": 0, "percent_statements_covered": 0.0, "percent_statements_covered_display": "0"}, "missing_lines": [7, 8, 10, 13, 14, 15, 18, 20, 21, 24, 26, 27, 28, 29, 32, 34, 35, 36, 37], "excluded_lines": [], "start_line": 1}}}, "src/manuscripta/data/__init__.py": {"executed_lines": [], "summary": {"covered_lines": 0, "num_statements": 0, "percent_covered": 100.0, "percent_covered_display": "100", "missing_lines": 0, "excluded_lines": 0, "percent_statements_covered": 100.0, "percent_statements_covered_display": "100"}, "missing_lines": [], "excluded_lines": [], "functions": {"": {"executed_lines": [], "summary": {"covered_lines": 0, "num_statements": 0, "percent_covered": 100.0, "percent_covered_display": "100", "missing_lines": 0, "excluded_lines": 0, "percent_statements_covered": 100.0, "percent_statements_covered_display": "100"}, "missing_lines": [], "excluded_lines": [], "start_line": 1}}, "classes": {"": {"executed_lines": [], "summary": {"covered_lines": 0, "num_statements": 0, "percent_covered": 100.0, "percent_covered_display": "100", "missing_lines": 0, "excluded_lines": 0, "percent_statements_covered": 100.0, "percent_statements_covered_display": "100"}, "missing_lines": [], "excluded_lines": [], "start_line": 1}}}, "src/manuscripta/data/emoji_map.py": {"executed_lines": [], "summary": {"covered_lines": 0, "num_statements": 1, "percent_covered": 0.0, "percent_covered_display": "0", "missing_lines": 1, "excluded_lines": 0, "percent_statements_covered": 0.0, "percent_statements_covered_display": "0"}, "missing_lines": [3], "excluded_lines": [], "functions": {"": {"executed_lines": [], "summary": {"covered_lines": 0, "num_statements": 1, "percent_covered": 0.0, "percent_covered_display": "0", "missing_lines": 1, "excluded_lines": 0, "percent_statements_covered": 0.0, "percent_statements_covered_display": "0"}, "missing_lines": [3], "excluded_lines": [], "start_line": 1}}, "classes": {"": {"executed_lines": [], "summary": {"covered_lines": 0, "num_statements": 1, "percent_covered": 0.0, "percent_covered_display": "0", "missing_lines": 1, "excluded_lines": 0, "percent_statements_covered": 0.0, "percent_statements_covered_display": "0"}, "missing_lines": [3], "excluded_lines": [], "start_line": 1}}}, "src/manuscripta/data/emoji_map_sanity.py": {"executed_lines": [], "summary": {"covered_lines": 0, "num_statements": 17, "percent_covered": 0.0, "percent_covered_display": "0", "missing_lines": 17, "excluded_lines": 0, "percent_statements_covered": 0.0, "percent_statements_covered_display": "0"}, "missing_lines": [2, 4, 7, 8, 9, 10, 11, 12, 13, 14, 15, 16, 17, 18, 19, 22, 23], "excluded_lines": [], "functions": {"main": {"executed_lines": [], "summary": {"covered_lines": 0, "num_statements": 12, "percent_covered": 0.0, "percent_covered_display": "0", "missing_lines": 12, "excluded_lines": 0, "percent_statements_covered": 0.0, "percent_statements_covered_display": "0"}, "missing_lines": [8, 9, 10, 11, 12, 13, 14, 15, 16, 17, 18, 19], "excluded_lines": [], "start_line": 7}, "": {"executed_lines": [], "summary": {"covered_lines": 0, "num_statements": 5, "percent_covered": 0.0, "percent_covered_display": "0", "missing_lines": 5, "excluded_lines": 0, "percent_statements_covered": 0.0, "percent_statements_covered_display": "0"}, "missing_lines": [2, 4, 7, 22, 23], "excluded_lines": [], "start_line": 1}}, "classes": {"": {"executed_lines": [], "summary": {"covered_lines": 0, "num_statements": 17, "percent_covered": 0.0, "percent_covered_display": "0", "missing_lines": 17, "excluded_lines": 0, "percent_statements_covered": 0.0, "percent_statements_covered_display": "0"}, "missing_lines": [2, 4, 7, 8, 9, 10, 11, 12, 13, 14, 15, 16, 17, 18, 19, 22, 23], "excluded_lines": [], "start_line": 1}}}, "src/manuscripta/data/symbol_map.py": {"executed_lines": [], "summary": {"covered_lines": 0, "num_statements": 1, "percent_covered": 0.0, "percent_covered_display": "0", "missing_lines": 1, "excluded_lines": 0, "percent_statements_covered": 0.0, "percent_statements_covered_display": "0"}, "missing_lines": [1], "excluded_lines": [], "functions": {"": {"executed_lines": [], "summary": {"covered_lines": 0, "num_statements": 1, "percent_covered": 0.0, "percent_covered_display": "0", "missing_lines": 1, "excluded_lines": 0, "percent_statements_covered": 0.0, "percent_statements_covered_display": "0"}, "missing_lines": [1], "excluded_lines": [], "start_line": 1}}, "classes": {"": {"executed_lines": [], "summary": {"covered_lines": 0, "num_statements": 1, "percent_covered": 0.0, "percent_covered_display": "0", "missing_lines": 1, "excluded_lines": 0, "percent_statements_covered": 0.0, "percent_statements_covered_display": "0"}, "missing_lines": [1], "excluded_lines": [], "start_line": 1}}}, "src/manuscripta/enums/__init__.py": {"executed_lines": [], "summary": {"covered_lines": 0, "num_statements": 0, "percent_covered": 100.0, "percent_covered_display": "100", "missing_lines": 0, "excluded_lines": 0, "percent_statements_covered": 100.0, "percent_statements_covered_display": "100"}, "missing_lines": [], "excluded_lines": [], "functions": {"": {"executed_lines": [], "summary": {"covered_lines": 0, "num_statements": 0, "percent_covered": 100.0, "percent_covered_display": "100", "missing_lines": 0, "excluded_lines": 0, "percent_statements_covered": 100.0, "percent_statements_covered_display": "100"}, "missing_lines": [], "excluded_lines": [], "start_line": 1}}, "classes": {"": {"executed_lines": [], "summary": {"covered_lines": 0, "num_statements": 0, "percent_covered": 100.0, "percent_covered_display": "100", "missing_lines": 0, "excluded_lines": 0, "percent_statements_covered": 100.0, "percent_statements_covered_display": "100"}, "missing_lines": [], "excluded_lines": [], "start_line": 1}}}, "src/manuscripta/enums/book_type.py": {"executed_lines": [1, 4, 5, 6, 7, 8], "summary": {"covered_lines": 6, "num_statements": 6, "percent_covered": 100.0, "percent_covered_display": "100", "missing_lines": 0, "excluded_lines": 0, "percent_statements_covered": 100.0, "percent_statements_covered_display": "100"}, "missing_lines": [], "excluded_lines": [], "functions": {"": {"executed_lines": [1, 4, 5, 6, 7, 8], "summary": {"covered_lines": 6, "num_statements": 6, "percent_covered": 100.0, "percent_covered_display": "100", "missing_lines": 0, "excluded_lines": 0, "percent_statements_covered": 100.0, "percent_statements_covered_display": "100"}, "missing_lines": [], "excluded_lines": [], "start_line": 1}}, "classes": {"BookType": {"executed_lines": [], "summary": {"covered_lines": 0, "num_statements": 0, "percent_covered": 100.0, "percent_covered_display": "100", "missing_lines": 0, "excluded_lines": 0, "percent_statements_covered": 100.0, "percent_statements_covered_display": "100"}, "missing_lines": [], "excluded_lines": [], "start_line": 4}, "": {"executed_lines": [1, 4, 5, 6, 7, 8], "summary": {"covered_lines": 6, "num_statements": 6, "percent_covered": 100.0, "percent_covered_display": "100", "missing_lines": 0, "excluded_lines": 0, "percent_statements_covered": 100.0, "percent_statements_covered_display": "100"}, "missing_lines": [], "excluded_lines": [], "start_line": 1}}}, "src/manuscripta/exceptions.py": {"executed_lines": [8, 10, 11, 14, 18, 29, 35, 36, 37, 38, 39, 40, 41, 45, 49, 51, 52, 55, 64, 65, 66, 67, 69, 70, 75, 76, 79, 87, 88, 89, 95, 96], "summary": {"covered_lines": 32, "num_statements": 32, "percent_covered": 100.0, "percent_covered_display": "100", "missing_lines": 0, "excluded_lines": 0, "percent_statements_covered": 100.0, "percent_statements_covered_display": "100"}, "missing_lines": [], "excluded_lines": [], "functions": {"ManuscriptaLayoutError.__init__": {"executed_lines": [35, 36, 37, 38, 39, 40, 41, 45, 49], "summary": {"covered_lines": 9, "num_statements": 9, "percent_covered": 100.0, "percent_covered_display": "100", "missing_lines": 0, "excluded_lines": 0, "percent_statements_covered": 100.0, "percent_statements_covered_display": "100"}, "missing_lines": [], "excluded_lines": [], "start_line": 29}, "ManuscriptaLayoutError.__reduce__": {"executed_lines": [52], "summary": {"covered_lines": 1, "num_statements": 1, "percent_covered": 100.0, "percent_covered_display": "100", "missing_lines": 0, "excluded_lines": 0, "percent_statements_covered": 100.0, "percent_statements_covered_display": "100"}, "missing_lines": [], "excluded_lines": [], "start_line": 51}, "ManuscriptaPandocError.__init__": {"executed_lines": [65, 66, 67, 69, 70], "summary": {"covered_lines": 5, "num_statements": 5, "percent_covered": 100.0, "percent_covered_display": "100", "missing_lines": 0, "excluded_lines": 0, "percent_statements_covered": 100.0, "percent_statements_covered_display": "100"}, "missing_lines": [], "excluded_lines": [], "start_line": 64}, "ManuscriptaPandocError.__reduce__": {"executed_lines": [76], "summary": {"covered_lines": 1, "num_statements": 1, "percent_covered": 100.0, "percent_covered_display": "100", "missing_lines": 0, "excluded_lines": 0, "percent_statements_covered": 100.0, "percent_statements_covered_display": "100"}, "missing_lines": [], "excluded_lines": [], "start_line": 75}, "ManuscriptaImageError.__init__": {"executed_lines": [88, 89], "summary": {"covered_lines": 2, "num_statements": 2, "percent_covered": 100.0, "percent_covered_display": "100", "missing_lines": 0, "excluded_lines": 0, "percent_statements_covered": 100.0, "percent_statements_covered_display": "100"}, "missing_lines": [], "excluded_lines": [], "start_line": 87}, "ManuscriptaImageError.__reduce__": {"executed_lines": [96], "summary": {"covered_lines": 1, "num_statements": 1, "percent_covered": 100.0, "percent_covered_display": "100", "missing_lines": 0, "excluded_lines": 0, "percent_statements_covered": 100.0, "percent_statements_covered_display": "100"}, "missing_lines": [], "excluded_lines": [], "start_line": 95}, "": {"executed_lines": [8, 10, 11, 14, 18, 29, 51, 55, 64, 75, 79, 87, 95], "summary": {"covered_lines": 13, "num_statements": 13, "percent_covered": 100.0, "percent_covered_display": "100", "missing_lines": 0, "excluded_lines": 0, "percent_statements_covered": 100.0, "percent_statements_covered_display": "100"}, "missing_lines": [], "excluded_lines": [], "start_line": 1}}, "classes": {"ManuscriptaError": {"executed_lines": [], "summary": {"covered_lines": 0, "num_statements": 0, "percent_covered": 100.0, "percent_covered_display": "100", "missing_lines": 0, "excluded_lines": 0, "percent_statements_covered": 100.0, "percent_statements_covered_display": "100"}, "missing_lines": [], "excluded_lines": [], "start_line": 14}, "ManuscriptaLayoutError": {"executed_lines": [35, 36, 37, 38, 39, 40, 41, 45, 49, 52], "summary": {"covered_lines": 10, "num_statements": 10, "percent_covered": 100.0, "percent_covered_display": "100", "missing_lines": 0, "excluded_lines": 0, "percent_statements_covered": 100.0, "percent_statements_covered_display": "100"}, "missing_lines": [], "excluded_lines": [], "start_line": 18}, "ManuscriptaPandocError": {"executed_lines": [65, 66, 67, 69, 70, 76], "summary": {"covered_lines": 6, "num_statements": 6, "percent_covered": 100.0, "percent_covered_display": "100", "missing_lines": 0, "excluded_lines": 0, "percent_statements_covered": 100.0, "percent_statements_covered_display": "100"}, "missing_lines": [], "excluded_lines": [], "start_line": 55}, "ManuscriptaImageError": {"executed_lines": [88, 89, 96], "summary": {"covered_lines": 3, "num_statements": 3, "percent_covered": 100.0, "percent_covered_display": "100", "missing_lines": 0, "excluded_lines": 0, "percent_statements_covered": 100.0, "percent_statements_covered_display": "100"}, "missing_lines": [], "excluded_lines": [], "start_line": 79}, "": {"executed_lines": [8, 10, 11, 14, 18, 29, 51, 55, 64, 75, 79, 87, 95], "summary": {"covered_lines": 13, "num_statements": 13, "percent_covered": 100.0, "percent_covered_display": "100", "missing_lines": 0, "excluded_lines": 0, "percent_statements_covered": 100.0, "percent_statements_covered_display": "100"}, "missing_lines": [], "excluded_lines": [], "start_line": 1}}}, "src/manuscripta/export/__init__.py": {"executed_lines": [], "summary": {"covered_lines": 0, "num_statements": 0, "percent_covered": 100.0, "percent_covered_display": "100", "missing_lines": 0, "excluded_lines": 0, "percent_statements_covered": 100.0, "percent_statements_covered_display": "100"}, "missing_lines": [], "excluded_lines": [], "functions": {"": {"executed_lines": [], "summary": {"covered_lines": 0, "num_statements": 0, "percent_covered": 100.0, "percent_covered_display": "100", "missing_lines": 0, "excluded_lines": 0, "percent_statements_covered": 100.0, "percent_statements_covered_display": "100"}, "missing_lines": [], "excluded_lines": [], "start_line": 1}}, "classes": {"": {"executed_lines": [], "summary": {"covered_lines": 0, "num_statements": 0, "percent_covered": 100.0, "percent_covered_display": "100", "missing_lines": 0, "excluded_lines": 0, "percent_statements_covered": 100.0, "percent_statements_covered_display": "100"}, "missing_lines": [], "excluded_lines": [], "start_line": 1}}}, "src/manuscripta/export/book.py": {"executed_lines": [2, 3, 4, 5, 6, 7, 8, 9, 10, 11, 12, 13, 14, 19, 28, 39, 40, 41, 44, 45, 48, 49, 50, 51, 52, 54, 55, 58, 63, 72, 86, 100, 109, 112, 118, 124, 130, 132, 133, 134, 135, 136, 137, 140, 147, 148, 149, 150, 151, 152, 153, 154, 157, 170, 175, 176, 177, 178, 179, 180, 181, 182, 184, 185, 186, 187, 188, 189, 190, 193, 238, 239, 243, 244, 245, 248, 249, 250, 251, 252, 253, 254, 255, 256, 257, 258, 259, 260, 261, 262, 263, 264, 265, 266, 267, 268, 269, 270, 271, 272, 273, 274, 275, 276, 277, 278, 280, 292, 298, 299, 300, 301, 302, 305, 318, 319, 320, 322, 325, 326, 327, 328, 329, 331, 336, 338, 339, 340, 345, 349, 352, 356, 362, 370, 371, 372, 373, 374, 375, 380, 381, 382, 383, 386, 399, 401, 402, 403, 408, 409, 410, 413, 415, 416, 417, 418, 419, 420, 421, 422, 423, 424, 427, 435, 436, 437, 439, 446, 447, 448, 449, 452, 459, 460, 461, 462, 464, 465, 466, 467, 469, 470, 471, 474, 482, 483, 484, 486, 487, 488, 489, 490, 493, 498, 499, 500, 501, 503, 511, 522, 523, 526, 555, 556, 559, 564, 565, 566, 567, 570, 575, 577, 580, 581, 582, 584, 591, 593, 595, 596, 597, 601, 602, 603, 606, 607, 612, 
[...]
, "missing_lines": [117], "excluded_lines": [], "start_line": 113}, "": {"executed_lines": [], "summary": {"covered_lines": 0, "num_statements": 10, "percent_covered": 0.0, "percent_covered_display": "0", "missing_lines": 10, "excluded_lines": 0, "percent_statements_covered": 0.0, "percent_statements_covered_display": "0"}, "missing_lines": [3, 4, 5, 8, 20, 72, 92, 99, 106, 113], "excluded_lines": [], "start_line": 1}}, "classes": {"": {"executed_lines": [], "summary": {"covered_lines": 0, "num_statements": 28, "percent_covered": 0.0, "percent_covered_display": "0", "missing_lines": 28, "excluded_lines": 0, "percent_statements_covered": 0.0, "percent_statements_covered_display": "0"}, "missing_lines": [3, 4, 5, 8, 20, 25, 28, 35, 42, 49, 51, 52, 53, 55, 58, 60, 69, 72, 80, 89, 92, 96, 99, 103, 106, 110, 113, 117], "excluded_lines": [], "start_line": 1}}}, "src/manuscripta/translation/shortcuts_lms.py": {"executed_lines": [], "summary": {"covered_lines": 0, "num_statements": 28, "percent_covered": 0.0, "percent_covered_display": "0", "missing_lines": 28, "excluded_lines": 0, "percent_statements_covered": 0.0, "percent_statements_covered_display": "0"}, "missing_lines": [3, 4, 5, 8, 20, 25, 28, 35, 42, 49, 51, 52, 53, 55, 58, 60, 69, 72, 80, 89, 92, 96, 99, 103, 106, 110, 113, 117], "excluded_lines": [], "functions": {"translate": {"executed_lines": [], "summary": {"covered_lines": 0, "num_statements": 12, "percent_covered": 0.0, "percent_covered_display": "0", "missing_lines": 12, "excluded_lines": 0, "percent_statements_covered": 0.0, "percent_statements_covered_display": "0"}, "missing_lines": [25, 28, 35, 42, 49, 51, 52, 53, 55, 58, 60, 69], "excluded_lines": [], "start_line": 20}, "translate_manuscript": {"executed_lines": [], "summary": {"covered_lines": 0, "num_statements": 2, "percent_covered": 0.0, "percent_covered_display": "0", "missing_lines": 2, "excluded_lines": 0, "percent_statements_covered": 0.0, "percent_statements_covered_display": "0"}, "missing_lines": [80, 89], "excluded_lines": [], "start_line": 72}, "translate_manuscript_from_english_to_german": {"executed_lines": [], "summary": {"covered_lines": 0, "num_statements": 1, "percent_covered": 0.0, "percent_covered_display": "0", "missing_lines": 1, "excluded_lines": 0, "percent_statements_covered": 0.0, "percent_statements_covered_display": "0"}, "missing_lines": [96], "excluded_lines": [], "start_line": 92}, "translate_manuscript_from_german_to_english": {"executed_lines": [], "summary": {"covered_lines": 0, "num_statements": 1, "percent_covered": 0.0, "percent_covered_display": "0", "missing_lines": 1, "excluded_lines": 0, "percent_statements_covered": 0.0, "percent_statements_covered_display": "0"}, "missing_lines": [103], "excluded_lines": [], "start_line": 99}, "translate_manuscript_from_english_to_spanish": {"executed_lines": [], "summary": {"covered_lines": 0, "num_statements": 1, "percent_covered": 0.0, "percent_covered_display": "0", "missing_lines": 1, "excluded_lines": 0, "percent_statements_covered": 0.0, "percent_statements_covered_display": "0"}, "missing_lines": [110], "excluded_lines": [], "start_line": 106}, "translate_manuscript_from_english_to_french": {"executed_lines": [], "summary": {"covered_lines": 0, "num_statements": 1, "percent_covered": 0.0, "percent_covered_display": "0", "missing_lines": 1, "excluded_lines": 0, "percent_statements_covered": 0.0, "percent_statements_covered_display": "0"}, "missing_lines": [117], "excluded_lines": [], "start_line": 113}, "": {"executed_lines": [], "summary": {"covered_lines": 0, "num_statements": 10, "percent_covered": 0.0, "percent_covered_display": "0", "missing_lines": 10, "excluded_lines": 0, "percent_statements_covered": 0.0, "percent_statements_covered_display": "0"}, "missing_lines": [3, 4, 5, 8, 20, 72, 92, 99, 106, 113], "excluded_lines": [], "start_line": 1}}, "classes": {"": {"executed_lines": [], "summary": {"covered_lines": 0, "num_statements": 28, "percent_covered": 0.0, "percent_covered_display": "0", "missing_lines": 28, "excluded_lines": 0, "percent_statements_covered": 0.0, "percent_statements_covered_display": "0"}, "missing_lines": [3, 4, 5, 8, 20, 25, 28, 35, 42, 49, 51, 52, 53, 55, 58, 60, 69, 72, 80, 89, 92, 96, 99, 103, 106, 110, 113, 117], "excluded_lines": [], "start_line": 1}}}, "src/manuscripta/utils/__init__.py": {"executed_lines": [], "summary": {"covered_lines": 0, "num_statements": 0, "percent_covered": 100.0, "percent_covered_display": "100", "missing_lines": 0, "excluded_lines": 0, "percent_statements_covered": 100.0, "percent_statements_covered_display": "100"}, "missing_lines": [], "excluded_lines": [], "functions": {"": {"executed_lines": [], "summary": {"covered_lines": 0, "num_statements": 0, "percent_covered": 100.0, "percent_covered_display": "100", "missing_lines": 0, "excluded_lines": 0, "percent_statements_covered": 100.0, "percent_statements_covered_display": "100"}, "missing_lines": [], "excluded_lines": [], "start_line": 1}}, "classes": {"": {"executed_lines": [], "summary": {"covered_lines": 0, "num_statements": 0, "percent_covered": 100.0, "percent_covered_display": "100", "missing_lines": 0, "excluded_lines": 0, "percent_statements_covered": 100.0, "percent_statements_covered_display": "100"}, "missing_lines": [], "excluded_lines": [], "start_line": 1}}}, "src/manuscripta/utils/bulk_extension.py": {"executed_lines": [15, 16, 17, 18, 19, 20, 23, 24, 25, 26, 27, 28, 29, 30, 31, 33, 40, 45, 46, 47, 48, 51, 52, 55, 92, 93, 94, 95, 96, 97, 102, 103, 105, 106, 107, 108, 109, 111, 112, 115, 116, 117, 119, 121, 122, 124, 125, 126, 128, 129, 130, 140, 141, 142, 143, 147, 148, 149, 152, 157, 158, 160, 165, 168, 199, 214], "summary": {"covered_lines": 66, "num_statements": 92, "percent_covered": 71.73913043478261, "percent_covered_display": "72", "missing_lines": 26, "excluded_lines": 0, "percent_statements_covered": 71.73913043478261, "percent_statements_covered_display": "72"}, "missing_lines": [34, 36, 37, 98, 99, 100, 131, 132, 136, 137, 153, 154, 155, 169, 172, 173, 176, 179, 182, 188, 193, 196, 200, 201, 211, 215], "excluded_lines": [], "functions": {"RenameResult.to_dict": {"executed_lines": [], "summary": {"covered_lines": 0, "num_statements": 3, "percent_covered": 0.0, "percent_covered_display": "0", "missing_lines": 3, "excluded_lines": 0, "percent_statements_covered": 0.0, "percent_statements_covered_display": "0"}, "missing_lines": [34, 36, 37], "excluded_lines": [], "start_line": 33}, "_norm_ext": {"executed_lines": [45, 46, 47, 48], "summary": {"covered_lines": 4, "num_statements": 4, "percent_covered": 100.0, "percent_covered_display": "100", "missing_lines": 0, "excluded_lines": 0, "percent_statements_covered": 100.0, "percent_statements_covered_display": "100"}, "missing_lines": [], "excluded_lines": [], "start_line": 40}, "iter_files": {"executed_lines": [52], "summary": {"covered_lines": 1, "num_statements": 1, "percent_covered": 100.0, "percent_covered_display": "100", "missing_lines": 0, "excluded_lines": 0, "percent_statements_covered": 100.0, "percent_statements_covered_display": "100"}, "missing_lines": [], "excluded_lines": [], "start_line": 51}, "change_extension": {"executed_lines": [92, 93, 94, 95, 96, 97, 102, 103, 105, 106, 107, 108, 109, 111, 112, 115, 116, 117, 119, 121, 122, 124, 125, 126, 128, 129, 130, 140, 141, 142, 143, 147, 148, 149, 152, 157, 158, 160, 165], "summary": {"covered_lines": 39, "num_statements": 49, "percent_covered": 79.59183673469387, "percent_covered_display": "80", "missing_lines": 10, "excluded_lines": 0, "percent_statements_covered": 79.59183673469387, "percent_statements_covered_display": "80"}, "missing_lines": [98, 99, 100, 131, 132, 136, 137, 153, 154, 155], "excluded_lines": [], "start_line": 55}, "parse_args": {"executed_lines": [], "summary": {"covered_lines": 0, "num_statements": 9, "percent_covered": 0.0, "percent_covered_display": "0", "missing_lines": 9, "excluded_lines": 0, "percent_statements_covered": 0.0, "percent_statements_covered_display": "0"}, "missing_lines": [169, 172, 173, 176, 179, 182, 188, 193, 196], "excluded_lines": [], "start_line": 168}, "main": {"executed_lines": [], "summary": {"covered_lines": 0, "num_statements": 3, "percent_covered": 0.0, "percent_covered_display": "0", "missing_lines": 3, "excluded_lines": 0, "percent_statements_covered": 0.0, "percent_statements_covered_display": "0"}, "missing_lines": [200, 201, 211], "excluded_lines": [], "start_line": 199}, "": {"executed_lines": [15, 16, 17, 18, 19, 20, 23, 24, 25, 26, 27, 28, 29, 30, 31, 33, 40, 51, 55, 168, 199, 214], "summary": {"covered_lines": 22, "num_statements": 23, "percent_covered": 95.65217391304348, "percent_covered_display": "96", "missing_lines": 1, "excluded_lines": 0, "percent_statements_covered": 95.65217391304348, "percent_statements_covered_display": "96"}, "missing_lines": [215], "excluded_lines": [], "start_line": 1}}, "classes": {"RenameResult": {"executed_lines": [], "summary": {"covered_lines": 0, "num_statements": 3, "percent_covered": 0.0, "percent_covered_display": "0", "missing_lines": 3, "excluded_lines": 0, "percent_statements_covered": 0.0, "percent_statements_covered_display": "0"}, "missing_lines": [34, 36, 37], "excluded_lines": [], "start_line": 24}, "": {"executed_lines": [15, 16, 17, 18, 19, 20, 23, 24, 25, 26, 27, 28, 29, 30, 31, 33, 40, 45, 46, 47, 48, 51, 52, 55, 92, 93, 94, 95, 96, 97, 102, 103, 105, 106, 107, 108, 109, 111, 112, 115, 116, 117, 119, 121, 122, 124, 125, 126, 128, 129, 130, 140, 141, 142, 143, 147, 148, 149, 152, 157, 158, 160, 165, 168, 199, 214], "summary": {"covered_lines": 66, "num_statements": 89, "percent_covered": 74.15730337078652, "percent_covered_display": "74", "missing_lines": 23, "excluded_lines": 0, "percent_statements_covered": 74.15730337078652, "percent_statements_covered_display": "74"}, "missing_lines": [98, 99, 100, 131, 132, 136, 137, 153, 154, 155, 169, 172, 173, 176, 179, 182, 188, 193, 196, 200, 201, 211, 215], "excluded_lines": [], "start_line": 1}}}, "src/manuscripta/utils/git_cache.py": {"executed_lines": [10, 11, 12, 13, 14, 17, 33, 34, 35, 42, 43, 44, 47, 50, 61, 64, 67, 68, 69, 70, 72, 75, 88], "summary": {"covered_lines": 23, "num_statements": 31, "percent_covered": 74.19354838709677, "percent_covered_display": "74", "missing_lines": 8, "excluded_lines": 0, "percent_statements_covered": 74.19354838709677, "percent_statements_covered_display": "74"}, "missing_lines": [46, 80, 81, 82, 83, 84, 85, 89], "excluded_lines": [], "functions": {"run_git_command": {"executed_lines": [33, 34, 35, 42, 43, 44, 47], "summary": {"covered_lines": 7, "num_statements": 8, "percent_covered": 87.5, "percent_covered_display": "88", "missing_lines": 1, "excluded_lines": 0, "percent_statements_covered": 87.5, "percent_statements_covered_display": "88"}, "missing_lines": [46], "excluded_lines": [], "start_line": 17}, "clean_git_cache": {"executed_lines": [61, 64, 67, 68, 69, 70, 72], "summary": {"covered_lines": 7, "num_statements": 7, "percent_covered": 100.0, "percent_covered_display": "100", "missing_lines": 0, "excluded_lines": 0, "percent_statements_covered": 100.0, "percent_statements_covered_display": "100"}, "missing_lines": [], "excluded_lines": [], "start_line": 50}, "main": {"executed_lines": [], "summary": {"covered_lines": 0, "num_statements": 6, "percent_covered": 0.0, "percent_covered_display": "0", "missing_lines": 6, "excluded_lines": 0, "percent_statements_covered": 0.0, "percent_statements_covered_display": "0"}, "missing_lines": [80, 81, 82, 83, 84, 85], "excluded_lines": [], "start_line": 75}, "": {"executed_lines": [10, 11, 12, 13, 14, 17, 50, 75, 88], "summary": {"covered_lines": 9, "num_statements": 10, "percent_covered": 90.0, "percent_covered_display": "90", "missing_lines": 1, "excluded_lines": 0, "percent_statements_covered": 90.0, "percent_statements_covered_display": "90"}, "missing_lines": [89], "excluded_lines": [], "start_line": 1}}, "classes": {"": {"executed_lines": [10, 11, 12, 13, 14, 17, 33, 34, 35, 42, 43, 44, 47, 50, 61, 64, 67, 68, 69, 70, 72, 75, 88], "summary": {"covered_lines": 23, "num_statements": 31, "percent_covered": 74.19354838709677, "percent_covered_display": "74", "missing_lines": 8, "excluded_lines": 0, "percent_statements_covered": 74.19354838709677, "percent_statements_covered_display": "74"}, "missing_lines": [46, 80, 81, 82, 83, 84, 85, 89], "excluded_lines": [], "start_line": 1}}}, "src/manuscripta/utils/pandoc_batch.py": {"executed_lines": [3, 5, 6, 7, 8, 9, 10, 11, 12, 13, 14, 17, 18, 20, 21, 37, 47, 50, 58, 59, 61, 62, 63, 66, 67, 72, 74, 75, 76, 77, 87, 88, 89, 91, 92, 95, 98, 99, 101, 104, 110, 116, 122, 128, 134, 140, 145, 151, 152, 158, 164, 170, 173, 176, 182, 188, 193, 199, 201, 208, 212, 215, 216, 217, 220, 223, 224, 226, 227, 228, 229, 231, 232, 233, 234, 235, 236, 237, 238, 239, 240, 243, 245, 246, 247, 248, 249, 251, 252, 255, 259, 262, 264, 265, 266, 268, 271, 272, 273, 275, 277, 278, 281, 282, 283, 287, 289, 290, 291, 292, 295, 296, 297, 299, 300, 301, 303, 304, 308, 313, 314, 317, 318, 319, 320, 321, 322, 323, 324, 325, 326, 327, 328, 330, 331, 332, 333, 334, 337], "summary": {"covered_lines": 139, "num_statements": 174, "percent_covered": 79.88505747126437, "percent_covered_display": "80", "missing_lines": 35, "excluded_lines": 0, "percent_statements_covered": 79.88505747126437, "percent_statements_covered_display": "80"}, "missing_lines": [23, 24, 25, 27, 28, 30, 31, 33, 34, 68, 69, 79, 80, 81, 82, 83, 84, 90, 93, 94, 202, 203, 204, 205, 206, 209, 225, 230, 260, 269, 284, 285, 305, 306, 338], "excluded_lines": [], "functions": {"load_toml": {"executed_lines": [21], "summary": {"covered_lines": 1, "num_statements": 1, "percent_covered": 100.0, "percent_covered_display": "100", "missing_lines": 0, "excluded_lines": 0, "percent_statements_covered": 100.0, "percent_statements_covered_display": "100"}, "missing_lines": [], "excluded_lines": [], "start_line": 20}, "patch_markdown_text": {"executed_lines": [58, 59, 61, 62, 63], "summary": {"covered_lines": 5, "num_statements": 5, "percent_covered": 100.0, "percent_covered_display": "100", "missing_lines": 0, "excluded_lines": 0, "percent_statements_covered": 100.0, "percent_statements_covered_display": "100"}, "missing_lines": [], "excluded_lines": [], "start_line": 50}, "require_cmd": {"executed_lines": [67], "summary": {"covered_lines": 1, "num_statements": 3, "percent_covered": 33.333333333333336, "percent_covered_display": "33", "missing_lines": 2, "excluded_lines": 0, "percent_statements_covered": 33.333333333333336, "percent_statements_covered_display": "33"}, "missing_lines": [68, 69], "excluded_lines": [], "start_line": 66}, "find_pyproject": {"executed_lines": [74, 75, 76, 77], "summary": {"covered_lines": 4, "num_statements": 10, "percent_covered": 40.0, "percent_covered_display": "40", "missing_lines": 6, "excluded_lines": 0, "percent_statements_covered": 40.0, "percent_statements_covered_display": "40"}, "missing_lines": [79, 80, 81, 82, 83, 84], "excluded_lines": [], "start_line": 72}, "load_defaults": {"executed_lines": [88, 89, 91, 92, 95], "summary": {"covered_lines": 5, "num_statements": 8, "percent_covered": 62.5, "percent_covered_display": "62", "missing_lines": 3, "excluded_lines": 0, "percent_statements_covered": 62.5, "percent_statements_covered_display": "62"}, "missing_lines": [90, 93, 94], "excluded_lines": [], "start_line": 87}, "parse_args": {"executed_lines": [99, 101, 104, 110, 116, 122, 128, 134, 140, 145, 151, 152, 158, 164, 170, 173, 176, 182, 188, 193, 199, 201, 208, 212], "summary": {"covered_lines": 24, "num_statements": 30, "percent_covered": 80.0, "percent_covered_display": "80", "missing_lines": 6, "excluded_lines": 0, "percent_statements_covered": 80.0, "percent_statements_covered_display": "80"}, "missing_lines": [202, 203, 204, 205, 206, 209], "excluded_lines": [], "start_line": 98}, "rel_output_path": {"executed_lines": [216, 217], "summary": {"covered_lines": 2, "num_statements": 2, "percent_covered": 100.0, "percent_covered_display": "100", "missing_lines": 0, "excluded_lines": 0, "percent_statements_covered": 100.0, "percent_statements_covered_display": "100"}, "missing_lines": [], "excluded_lines": [], "start_line": 215}, "build_cmd": {"executed_lines": [223, 224, 226, 227, 228, 229, 231, 232, 233, 234, 235, 236, 237, 238, 239, 240], "summary": {"covered_lines": 16, "num_statements": 18, "percent_covered": 88.88888888888889, "percent_covered_display": "89", "missing_lines": 2, "excluded_lines": 0, "percent_statements_covered": 88.88888888888889, "percent_statements_covered_display": "89"}, "missing_lines": [225, 230], "excluded_lines": [], "start_line": 220}, "_create_temp_with": {"executed_lines": [245, 246, 247, 248, 249, 251, 252], "summary": {"covered_lines": 7, "num_statements": 7, "percent_covered": 100.0, "percent_covered_display": "100", "missing_lines": 0, "excluded_lines": 0, "percent_statements_covered": 100.0, "percent_statements_covered_display": "100"}, "missing_lines": [], "excluded_lines": [], "start_line": 243}, "run_one": {"executed_lines": [259, 262, 264, 265, 266, 268, 271, 272, 273, 275, 277, 278, 281, 282, 283, 287, 289, 290, 291, 292], "summary": {"covered_lines": 20, "num_statements": 24, "percent_covered": 83.33333333333333, "percent_covered_display": "83", "missing_lines": 4, "excluded_lines": 0, "percent_statements_covered": 83.33333333333333, "percent_statements_covered_display": "83"}, "missing_lines": [260, 269, 284, 285], "excluded_lines": [], "start_line": 255}, "main": {"executed_lines": [296, 297, 299, 300, 301, 303, 304, 308, 313, 314, 317, 318, 319, 320, 321, 322, 323, 324, 325, 326, 327, 328, 330, 331, 332, 333, 334], "summary": {"covered_lines": 27, "num_statements": 29, "percent_covered": 93.10344827586206, "percent_covered_display": "93", "missing_lines": 2, "excluded_lines": 0, "percent_statements_covered": 93.10344827586206, "percent_statements_covered_display": "93"}, "missing_lines": [305, 306], "excluded_lines": [], "start_line": 295}, "": {"executed_lines": [3, 5, 6, 7, 8, 9, 10, 11, 12, 13, 14, 17, 18, 20, 37, 47, 50, 66, 72, 87, 98, 215, 220, 243, 255, 295, 337], "summary": {"covered_lines": 27, "num_statements": 37, "percent_covered": 72.97297297297297, "percent_covered_display": "73", "missing_lines": 10, "excluded_lines": 0, "percent_statements_covered": 72.97297297297297, "percent_statements_covered_display": "73"}, "missing_lines": [23, 24, 25, 27, 28, 30, 31, 33, 34, 338], "excluded_lines": [], "start_line": 1}}, "classes": {"": {"executed_lines": [3, 5, 6, 7, 8, 9, 10, 11, 12, 13, 14, 17, 18, 20, 21, 37, 47, 50, 58, 59, 61, 62, 63, 66, 67, 72, 74, 75, 76, 77, 87, 88, 89, 91, 92, 95, 98, 99, 101, 104, 110, 116, 122, 128, 134, 140, 145, 151, 152, 158, 164, 170, 173, 176, 182, 188, 193, 199, 201, 208, 212, 215, 216, 217, 220, 223, 224, 226, 227, 228, 229, 231, 232, 233, 234, 235, 236, 237, 238, 239, 240, 243, 245, 246, 247, 248, 249, 251, 252, 255, 259, 262, 264, 265, 266, 268, 271, 272, 273, 275, 277, 278, 281, 282, 283, 287, 289, 290, 291, 292, 295, 296, 297, 299, 300, 301, 303, 304, 308, 313, 314, 317, 318, 319, 320, 321, 322, 323, 324, 325, 326, 327, 328, 330, 331, 332, 333, 334, 337], "summary": {"covered_lines": 139, "num_statements": 174, "percent_covered": 79.88505747126437, "percent_covered_display": "80", "missing_lines": 35, "excluded_lines": 0, "percent_statements_covered": 79.88505747126437, "percent_statements_covered_display": "80"}, "missing_lines": [23, 24, 25, 27, 28, 30, 31, 33, 34, 68, 69, 79, 80, 81, 82, 83, 84, 90, 93, 94, 202, 203, 204, 205, 206, 209, 225, 230, 260, 269, 284, 285, 305, 306, 338], "excluded_lines": [], "start_line": 1}}}}, "totals": {"covered_lines": 3515, "num_statements": 5297, "percent_covered": 66.35831602794035, "percent_covered_display": "66", "missing_lines": 1782, "excluded_lines": 0, "percent_statements_covered": 66.35831602794035, "percent_statements_covered_display": "66"}}